16 303 5332 8973 8407 9278 9652 3873 6727 1298 7582 3481 9697 9269 3023 2905 9909
21 4839 6607 1613 7372 2927 5417 9023 2179 3893 5519 9701 5341 5155 6590 3834 8680 6635 5203 4504 7089 9465
20 3156 5335 5719 8698 2292 5279 8573 720 6422 9183 8312 9665 5028 2066 28 2195 103 2226 7382 8666
18 4094 1054 3420 5193 2074 674 4645 1779 8542 8687 2817 6957 9553 3568 673 4672 8888 6477
20 1335 3188 2992 9289 4781 193 993 5794 8610 5537 621 3345 5660 1124 5986 9174 4976 9214 9955 2677
21 5497 6804 95 5920 832 1564 852 5838 3307 786 7007 2447 7858 6472 2621 8570 6394 9527 7959 5900 1204
17 445 7759 2140 7891 4924 1132 2345 3750 235 1241 9342 5546 8391 9486 5095 6795 4156
20 3580 57 6877 1220 697 2315 8693 6059 6442 4217 4198 1737 6178 6525 1739 3268 9200 4364 9781 5659
21 1138 6338 1257 4866 8831 4119 9167 545 6415 7021 4730 4037 2459 4681 7225 4161 3998 6176 1822 4484 7302
20 8703 7190 7364 6523 3640 7334 541 4204 9060 6829 5310 9730 7963 3306 7644 317 4967 781 9756 4778
23 1992 2520 2912 1777 8637 9109 9276 2790 947 2164 2745 1233 6337 2761 1946 8706 158 5469 7839 5831 7831 2421 3945
19 9913 8555 374 7931 3396 9482 5541 5929 1165 125 551 7421 8805 2067 9793 5989 8132 8467 9849
20 4059 1090 6026 5783 138 6672 9152 6897 4101 484 6215 4155 4461 2705 3165 2624 6592 6769 3287 4592
19 2949 3564 6912 2181 3403 527 133 2129 9111 1168 7960 1039 4960 2789 1219 9434 4019 4295 2049
19 4377 169 7434 8774 1771 5486 8539 5006 7086 4899 5105 7155 8140 7022 2013 4567 6661 4251 3081
11 4435 9806 7804 4773 8317 8264 6281 4151 5233 1576 7138
21 7318 7612 3364 1309 6615 5308 1078 3949 6552 9027 7746 4919 4253 7961 919 8741 3551 2692 5122 6955 4133
22 606 4428 3585 4387 7135 2141 1700 1106 3938 9510 3547 7865 4889 9125 6866 5206 850 2727 4808 3407 9747 3128
18 8292 9707 8642 4206 3566 9881 9658 4491 862 3553 9453 6951 8579 8810 6209 7832 9253 9336
19 3444 8104 9610 5304 1944 7594 8193 209 3221 6996 8129 6483 6040 9064 7419 9746 5431 5119 3099
10 7429 4842 8227 7910 5786 6673 139 1522 5811 9099
20 9084 956 6652 523 4111 5990 3621 965 1012 6223 2205 2756 1151 1197 5739 2978 111 8626 8517 6212
20 8630 8795 9992 7873 9475 601 4685 3961 4739 3915 337 2150 3823 3309 7786 8172 1187 3093 3684 9661
19 5018 3540 7171 6967 461 4555 9804 997 521 2837 1979 2365 6286 7652 7880 5418 9669 3837 3928
20 7952 8086 8856 4205 741 8731 4832 3799 7361 4173 2023 6299 5691 1766 5938 1337 5972 5673 6500 6595
20 8518 6922 957 5437 7691 280 122 3016 8688 5042 505 8531 6077 9841 3102 595 3604 598 3455 8279
18 6807 2512 156 5070 2126 3495 9075 2713 1516 4903 6235 5186 228 4182 8478 1703 1205 4122
19 9888 6438 1109 2928 9116 575 3648 7860 4060 9268 4748 9742 9492 6599 5056 9590 3448 8126 6917
18 9675 8588 2072 6392 8373 6873 1393 7272 4440 1671 725 2057 351 9248 2855 9589 6612 3730
18 1178 4855 9738 5160 5306 5523 2248 8159 487 1457 8906 4148 4146 2647 185 592 2030 5760
19 1209 1512 9466 8194 5082 5803 1871 5375 699 7738 2303 2387 2743 6440 4668 6118 5613 2133 6300
21 5299 8310 6718 1968 507 6571 3862 865 2247 841 740 5651 6636 7715 9500 3144 1351 7305 1661 4510 8441
20 1815 375 1349 7156 6455 8368 9859 3970 6398 1828 7949 5036 7067 1649 9607 7545 5115 8455 78 8507
18 2296 8614 6526 1553 4196 8007 8426 7392 2360 8922 1775 9946 8381 4684 6973 6145 9700 3042
21 1664 6786 6101 1589 3991 5386 8990 4159 1702 2988 118 8961 4571 8400 2798 189 8066 9193 9217 5633 9488
16 2576 3891 6031 3490 7236 774 2311 9208 4625 6372 9223 3720 6759 7136 6490 2211
20 1993 3112 9720 4605 6638 1030 3489 2645 3538 5532 2403 8899 6097 5357 4943 7669 6249 6748 3417 142
19 3457 1228 511 9546 2377 9319 7102 2021 4712 4874 4775 3953 2471 8764 861 9667 5946 7978 9940
21 190 7188 9087 1346 1176 6642 1041 3228 2547 5904 1911 4526 9310 9028 3706 2028 1490 4896 2347 4339 6285
19 8271 1986 380 7941 9838 2898 3765 1783 5559 9018 2956 3089 2690 2533 6428 7995 4442 7426 7954
20 268 6024 934 9981 3169 9114 3476 267 8177 50 2065 9634 941 3554 184 4237 3162 5774 4218 8625
18 6135 6742 6476 9684 5699 4209 6020 5708 8844 2462 7076 5755 7560 9221 8634 5773 3804 4599
20 6783 9137 4704 3779 6426 2077 7077 9666 5167 1371 754 4565 4638 2388 4765 7297 6401 6959 9201 3000
19 9020 4494 8378 1046 4558 7341 5957 622 5872 531 7550 3680 4190 9516 9415 8765 6760 5778 2815
18 4379 3170 921 2180 4147 7847 6808 5715 2633 7890 2567 7798 213 478 3290 8165 3408 4432
21 7293 549 4143 1227 8309 175 6657 8261 7894 7009 7098 3395 9244 4304 7107 5053 9699 3376 6005 8891 6241
18 1492 775 8207 4986 35 8189 1471 2793 1816 9584 2222 5822 9414 9653 1390 3724 556 6458
22 5192 5089 5218 7263 3646 6587 9897 8591 4663 8796 6975 518 3913 7159 8977 6754 5075 3175 2131 7300 3359 8770
19 7399 4661 853 3721 2234 1110 6165 6858 2401 7179 5194 7883 4480 4086 5276 2194 8295 6358 2494
18 920 5025 3675 9920 353 4489 863 151 8360 4590 9036 1818 6684 8931 1398 7416 9577 4488
19 5113 6119 5359 2867 39 8296 8283 1469 7616 4845 2570 1117 988 6954 4620 4905 7221 9782 3076
22 1528 2026 2036 248 902 2809 338 3451 6290 1750 6179 4870 3968 2950 8871 4179 2503 6144 1581 9413 7898 9172
21 84 5324 2828 8728 4090 7134 5847 7645 4758 5219 1451 7573 3479 3353 5374 9713 3150 6301 1696 1698 3347
18 7640 6536 1101 780 4594 5243 2348 4989 7498 5221 4740 2333 3661 7423 8097 1172 5474 3975
20 6115 7186 2511 8962 6965 5465 5457 2159 6923 4789 6131 5154 7411 7046 6347 2707 8385 6664 7720 4622
20 2920 5887 7398 7595 8225 8266 1281 4930 9175 9378 5911 1075 8125 5298 9978 8286 5058 2752 6723 3533
19 1978 417 5409 8506 8395 4154 405 6331 5655 1886 2535 346 577 7734 9826 9596 2136 3929 299
20 2432 854 2673 1521 7984 4003 7663 2468 6272 2419 500 5267 1448 4382 7780 4257 1859 4252 9117 8874
18 677 8236 4867 2907 3424 2589 8624 887 1857 4582 1308 564 7132 2437 289 3198 8411 2868
20 3527 8167 128 463 3636 4940 6563 5565 4734 2584 9480 6915 9688 3832 6617 4287 5033 5118 5068 8429
20 3743 8708 4536 4826 4836 3430 8020 5567 4323 7414 3421 5313 9904 9758 4413 4612 110 4785 2371 4901
21 5445 8489 3196 8191 1884 501 6451 6263 8246 8889 8039 217 5303 4076 5805 2283 1506 8417 3010 8523 7739
18 4679 9282 506 1738 2335 9779 1392 6977 1891 3501 5427 6180 1632 2811 8206 5560 3690 8215
17 7320 2973 4450 2748 5540 1834 9886 1396 2640 7420 7872 9995 8894 2522 6553 7408 6520
20 6654 8868 8882 1256 494 6850 2314 425 2644 34 8665 9073 3582 6027 5251 469 1383 401 7044 9088
19 8329 9626 823 5539 196 5043 5583 8440 214 1508 1885 917 4381 2863 1712 4375 7034 2594 4269
19 6901 3398 9702 1942 6832 3454 2921 8645 7637 37 6047 2716 9518 5397 6779 4670 2286 522 8414
19 1305 2838 753 9133 893 3989 9033 6181 1224 6162 2086 2932 3363 7755 7096 5462 1419 7051 3492
22 3988 4153 212 5996 9595 7686 3370 8038 428 3556 2033 4835 5180 4389 7754 3744 7369 974 3641 7087 8527 1935
20 6456 187 208 7097 7823 8820 3565 3262 7741 9490 7674 5315 5447 2003 341 3670 6789 5162 3132 2145
22 9698 8055 381 4063 6562 2799 6821 4429 7665 6452 3467 2146 1405 7777 9302 7544 2643 1638 1161 6257 6289 4341
20 7070 6048 8848 9030 9631 7180 6708 1860 7508 8695 5016 8721 7299 9122 9040 4952 8859 7591 8087 3792
18 8578 3622 8816 3789 8617 3686 6963 7397 9828 1505 5061 2137 5259 6443 8790 5609 7744 9714
19 3253 950 8198 6173 8615 8827 293 979 1711 3847 8851 6937 1099 1548 201 9307 1141 4916 4241
20 2106 5234 245 5213 141 2118 8715 582 4770 10 838 4827 8742 7634 8045 8205 3529 652 4479 6624
18 700 8112 147 5014 3065 5158 8247 7643 8749 3937 7695 1112 1103 7385 937 4993 3255 2509
22 1438 166 9538 9265 6356 1211 2250 7922 1355 4291 7546 4452 5106 5336 2452 2945 8757 4222 6028 4752 1483 2172
19 769 3245 3513 9712 8257 5829 9136 6205 6471 8258 3308 1162 3004 7905 9783 7748 8218 7481 747
19 3607 5649 9134 9065 3054 4821 6730 3717 3319 5619 1917 1253 7488 1669 9181 8234 8162 9635 6060
17 4829 5069 2802 1177 1920 1352 1591 286 2700 496 9173 2616 9 466 4261 811 1360
21 9393 8586 9345 4653 2622 8551 2244 2635 2771 5962 2526 2542 6395 6660 4454 6666 7412 1616 4701 7402 3229
20 7913 1189 711 6814 2829 5971 4699 3083 104 3747 7790 2560 6578 2588 8457 8602 1435 2069 2772 3021
18 3471 2881 7207 6641 239 4591 2016 8883 4816 2810 4639 7523 8709 6236 6396 5912 1147 828
14 8890 3269 8976 8549 4306 2014 9017 5759 281 7803 2349 4578 3302 4077
21 1315 3051 8021 6596 7287 2121 9566 2231 9556 7231 514 567 4342 7256 5420 2189 834 324 7974 5685 1705
22 945 9291 5507 3029 3770 8783 2548 150 3295 2754 9442 1839 7868 5984 895 4201 1759 6588 7530 3098 3369 1646
19 6694 6076 4200 4331 1685 1981 4764 2116 2694 4039 4597 3215 99 2842 1155 5625 1974 5253 6761
17 8149 7690 4913 6582 9987 7296 6925 4786 9839 6232 2047 3013 6950 1925 5257 2638 7623
20 1543 9549 922 9526 9272 3947 9213 4947 9902 7598 1603 8241 2229 9142 2391 6373 8082 9895 2073 4354
17 4214 7692 9226 2324 6920 9070 624 8121 2232 1017 7547 8064 915 4403 5834 7310 5232
11 4885 1192 8853 121 8427 8354 7801 6992 5302 3335 762
20 5424 7088 8671 4656 4104 8800 8094 2228 3574 2285 7072 6682 4881 5943 8393 9998 4265 2094 8710 5010
24 7475 3129 718 9313 8629 5237 1013 8984 8768 9871 580 4314 7750 7656 8937 7387 6117 3011 4226 8919 4676 2342 1624 6613
10 4309 5716 7468 3155 9903 9542 8151 4626 5551 7264
22 6794 9166 419 3579 9104 493 3205 355 8918 4957 3657 2025 1578 8841 6826 1675 6231 5126 5073 6847 8083 5493
21 9216 8758 3795 3050 8766 6550 3251 9785 9832 6862 4529 5765 8697 5487 3217 6432 1148 8396 3497 653 4057
15 3654 1716 9225 9630 5804 1196 5278 1567 5422 1673 9540 1014 5057 6545 8503
20 8024 8425 6399 6818 6864 3462 4136 7867 5522 9400 8511 5271 7908 5321 6126 3303 6555 5024 2493 2953
22 3572 3409 4088 8902 3326 4293 645 6888 9026 6164 283 67 1239 4596 8536 5290 2833 5109 5458 424 8185 818
20 1066 5654 9890 6805 7401 7647 1047 4884 7551 7605 3339 9113 9440 4030 1802 6837 8305 7955 6715 6626
18 9544 7994 7103 4002 2291 3573 120 6747 5511 6383 1122 42 9798 9797 5419 6844 5280 2070
20 6110 9140 1784 2686 2008 4485 4772 2846 4686 3924 5614 6707 2808 8689 4464 8829 4162 6568 3671 8862
13 7229 1845 2751 5824 2852 7495 6697 4721 4272 593 5148 7261 6022
20 3236 1908 9429 4807 9180 8477 6597 658 5101 7091 6006 2891 6346 7199 3597 6627 4731 3039 1341 2165
20 6780 7934 9128 9151 1734 2455 916 4658 9816 2688 4902 7326 3761 8600 9428 4598 7469 2689 9937 7115
22 8509 1794 6023 1997 8062 1930 8953 7148 9496 7217 5632 8018 9236 7817 5527 413 5871 314 192 1720 2294 5652
20 9523 4233 7861 8243 2523 6865 4050 6857 4561 4878 827 3818 2796 3282 614 5550 9266 2864 7977 8879
17 9851 92 8187 1752 6200 5626 6155 3494 733 3437 9892 6945 3917 3465 205 7577 3158
19 9852 7092 3334 2467 4825 812 8103 7276 3182 237 4533 4436 7970 7026 534 9059 5494 7189 1680
21 8204 856 3249 6749 2657 5662 1330 6699 7370 8656 7552 2971 7689 4187 9900 9222 8608 1665 1990 4911 6417
18 6150 210 6473 2107 5885 3009 7668 9333 6629 7531 9163 5670 167 2518 3242 9423 7624 7410
25 157 7956 8449 69 9557 7901 8520 1062 5892 3222 2153 1307 6737 9408 7461 1656 8794 6341 4814 9204 9169 5924 36 8690 836
20 9581 7572 8040 7246 6630 9487 5689 6513 6054 7145 9368 3726 3194 6720 8696 3192 8735 6731 2255 3613
19 5744 9619 1630 8274 6280 9303 1655 7757 8991 6620 2557 4263 5156 5450 4579 4149 5117 7946 6311
21 2356 41 9685 7576 6946 3851 9246 8590 3130 5878 5999 6820 1814 7774 2517 6528 4357 3031 9032 8089 2361
17 222 7373 7569 377 4274 6874 7619 5552 2052 1525 6774 6688 2555 8580 783 1614 1633
19 4894 2651 730 5998 3267 9694 9651 8093 3673 4892 5183 6880 1590 3142 386 2894 7719 395 2032
20 4184 1620 6757 3044 3772 2477 6982 1937 668 1310 8524 9445 2496 8639 4463 4688 3932 4451 3902 1173
19 88 6003 3203 3775 2972 3181 3038 8748 7648 5882 4849 875 9261 9908 349 255 9239 1952 4142
18 4833 3468 7558 6839 2969 1914 1266 6064 6478 591 4535 5396 3822 3653 4611 4680 5002 707
17 8175 3692 8965 3077 9228 2128 1181 8516 6704 6838 1954 8256 4860 2127 8409 5011 1923
20 530 3276 372 5861 708 7004 4246 9457 2213 924 2413 8692 7003 5039 2336 238 8320 8322 2449 8947
18 3951 8155 5426 5500 254 1902 230 6251 6556 9704 3374 6972 981 9551 4456 1890 3719 5776
17 5890 7816 7422 1949 2470 6565 7474 4033 1742 8969 1373 2575 3942 416 4303 5274 7723
17 2917 4659 9817 7208 2714 8835 3645 6856 9093 309 4166 9094 7717 3019 3301 4735 6918
19 2571 2060 146 6493 4532 4117 2776 2498 4985 6370 7796 8635 1832 6787 7345 8 4216 1164 6291
17 3329 6942 8694 5400 4128 4384 6558 1921 2104 5297 1924 6449 4254 6860 1484 7295 6479
17 9935 7451 7020 4717 2515 326 8293 7466 7653 4386 5681 3587 5643 8442 2679 472 4972
20 3333 3047 8804 9031 6885 6138 3524 4406 385 5301 5963 1988 7491 1904 7538 9212 3983 8751 571 7368
21 6044 3958 5263 7602 3314 833 2429 5579 1532 1597 5675 9299 1182 6705 803 6303 5917 3441 3923 1909 2300
21 6952 1170 9705 5285 7162 3453 5566 1024 6930 6674 4356 6001 3846 1583 4609 8117 6391 8997 1274 1092 6775
20 6656 7554 3138 7535 3149 1453 4806 7629 8492 5074 670 6083 8924 999 2763 1268 269 7126 4160 2492
17 8978 9255 3133 6208 1004 4297 2762 9234 96 2832 7942 3300 4229 7973 8966 6701 8501
20 1867 1866 4706 3176 553 3666 6799 3052 8745 659 2341 9565 7728 8051 1899 5131 436 4862 4553 7450
21 585 6160 2963 830 6340 8444 9968 683 5222 877 3382 1679 7945 1631 8985 9905 3677 3769 298 1938 562
19 4414 5771 6784 2366 4782 5941 3910 5083 5132 2420 3909 4083 3460 681 3854 1588 1772 8221 9711
22 5693 3786 3239 4109 761 4875 3669 47 8970 5849 485 7849 808 5852 2991 3392 4589 8769 5319 3327 13 9831
19 297 6502 7438 7048 9433 9790 1796 8760 847 2850 1461 8399 5019 3241 1618 654 4267 7869 7059
17 8382 4475 4031 7763 7085 3271 7626 1717 8294 5482 1125 9911 8849 5177 5687 5463 5390
19 6457 9068 649 2556 1980 6197 2653 2048 3757 4407 7743 7435 9379 5195 2985 4541 2219 1760 2940
17 9305 1267 6172 5208 6122 4443 5622 3136 8074 3649 6100 1606 8729 3452 2823 2182 3558
17 3257 2217 8042 2082 5698 7176 8438 8233 634 7620 3592 4283 7377 3304 3703 3994 4886
22 1635 1735 4207 9761 7232 5425 1800 6574 639 3946 5906 3354 2484 5528 4202 6728 5468 1291 2631 7772 7083 5404
20 9901 7406 3557 91 4546 9513 8950 4549 2662 8316 4634 9416 468 6628 6962 3486 1544 2258 1093 5078
18 6404 284 8412 9537 9158 457 2198 2351 6359 972 6531 5165 8358 8142 4518 132 9432 1987
17 7957 3426 9952 908 396 938 7588 7507 4893 9161 3018 6157 6594 2592 8461 7404 1552
18 7928 7346 7916 2151 2395 6601 7570 6863 546 7805 7827 7492 3800 9280 6070 6691 5339 4671
19 9768 9503 9744 1729 7515 8667 6261 8431 9185 4360 9991 9777 5795 7672 1234 5845 2475 82 9614
20 9401 6141 6316 9273 6333 9106 1402 2722 6806 4876 1302 3331 1535 4431 8017 5242 7084 6065 5157 590
18 9627 4525 7693 9836 6848 3487 90 2875 3813 4915 5428 1070 7571 6037 2218 3716 6573 2409
22 3869 9559 1040 802 4863 6125 6939 1963 2916 1647 4388 1612 2565 5484 6683 4618 9340 3600 4897 3305 6981 4108
20 1888 7243 4585 9696 9262 6121 2220 1523 7650 8160 7322 6167 2931 1130 8307 9807 9189 1487 7828 9829
18 5358 5516 6618 6580 8134 6898 4232 4595 2590 3575 6056 4368 4738 470 5839 366 4771 7251
24 1447 5189 6329 7864 6739 1910 8229 459 897 9100 682 1629 4330 8034 1417 7178 2215 2242 3878 3581 1648 4165 7052 2876
14 6269 3632 1803 782 9322 4575 2646 5329 1321 8096 7233 5591 9898 2609
18 2147 9035 6279 5017 7043 5366 8821 3532 177 9053 6861 2500 1600 5209 5096 8389 2595 6350
18 4637 8989 2108 415 4224 2857 1756 3997 1531 8362 335 4313 77 7328 2545 679 6158 5661
19 4437 7114 4208 7988 3463 9160 826 4326 5136 2183 3506 6508 791 3171 1826 6007 1928 5435 6870
20 5510 8566 8653 6689 3393 5001 5730 3049 5701 5952 7294 2473 5925 53 6791 3995 5750 5930 8372 7917
19 4665 1835 66 3866 2885 5184 3124 9425 1889 8963 9320 5642 9029 5104 8858 21 8405 5819 4662
18 19 2578 7903 8179 8025 6716 5835 3082 6385 8116 8004 9293 6204 2870 6878 2976 504 7219
18 273 2566 8686 2079 5756 4636 5093 1449 8987 5680 1787 5129 3379 2775 5737 9438 1514 1837
17 9976 5615 2015 2207 6078 5054 1218 4828 6905 4234 1420 6506 2672 6899 9338 4506 8201
21 3103 378 4966 6871 660 843 8277 1245 3907 173 1672 9945 1596 449 1749 2995 1795 3002 5942 421 1060
17 9412 1550 7445 1676 2439 9410 6326 1409 9366 9863 3806 2317 1621 7697 2629 5676 6766
18 3055 4171 7457 6201 4426 5187 1357 9458 6380 1175 3365 4574 6106 1811 2962 4769 4212 9131
17 8587 6293 9617 6825 2174 1051 8933 6137 6171 2434 8032 3906 8483 3844 3244 9552 8154
21 4687 3541 7709 2143 9286 7493 4938 6512 9328 6042 2874 7982 4371 4472 426 9455 3095 1152 4067 7722 8468
19 9514 6849 4630 6924 9037 5902 7609 4035 9288 3210 152 8252 8065 5785 985 9343 3400 8701 6465
26 2519 2316 513 9926 1406 3833 2967 8806 1489 6120 949 4270 8273 1955 3701 5372 9728 3803 5725 2282 9643 1812 6052 7604 8424 1479
14 61 7710 3362 3328 5706 6282 414 8577 844 3070 8404 451 9791 4145
17 2774 4467 7712 9263 5210 7802 6593 1989 2364 5337 1943 6421 1397 3094 2987 759 247
18 1515 3817 892 6222 3663 216 9118 202 9866 5627 7047 6679 6892 5521 752 2728 1570 962
21 1273 4502 5934 5377 1348 6029 5040 8009 2119 8833 5166 7729 5139 340 2925 5781 3240 3520 2113 9391 790
18 7249 7837 5818 607 9209 1733 5792 5411 542 5099 9353 5564 2980 4132 736 9383 2821 6127
20 6765 6133 8945 9641 935 1198 4250 7735 8928 6572 1463 3079 2043 5740 1445 6968 6464 5964 2175 6505
20 3549 8792 3414 9737 6491 2338 6002 9397 9407 7210 6755 5200 1556 363 2534 9521 8180 7718 265 7751
18 8351 2006 9144 665 8028 6907 3159 596 7149 11 2416 5863 1754 822 9493 2277 488 108
19 7911 6199 1386 9505 2415 448 3691 3483 2274 969 1727 6561 1389 4780 3766 8114 4180 9616 6933
20 9267 439 3531 4195 2900 9284 2272 4256 5548 732 6824 4920 5992 4576 6846 2422 2443 1467 7670 7601
18 7553 4713 6984 2663 1186 9795 716 9101 3121 1541 1434 94 7082 1468 6211 3405 1380 7053
22 2135 4507 2577 2787 1250 5777 990 4008 2729 2958 8470 9801 9110 6798 8208 2266 1214 2193 8676 6187 8683 143
19 7329 4115 3325 6969 1005 5262 272 561 6608 880 7018 8651 8754 5612 4927 7776 8863 4631 9906
20 3024 6186 5899 8505 2731 4879 2634 3007 1996 1053 8465 8164 8052 7262 4995 2943 8076 68 304 9599
20 6916 6307 942 5881 5888 2954 7513 9300 6283 7360 701 5610 2472 2199 2733 3234 3283 6194 7758 3350
17 8711 6305 1299 9722 1861 9361 3154 1498 2102 2572 4114 9218 958 9063 7540 3505 7393
20 9550 1627 8644 1412 1584 6367 9000 6008 2831 537 3164 5038 882 7664 6386 7618 9883 9773 6294 9374
20 3017 266 2661 3651 6218 5837 5238 3 9132 8439 7177 4362 2532 113 3399 1296 2895 2301 675 2998
18 5090 5866 2352 8864 6566 4744 8530 4289 4164 9435 8746 6790 8678 5869 9622 9674 5587 710
18 5517 422 1480 4652 3466 4667 7633 4988 5005 6712 3511 9762 8315 2703 1279 4000 8299 2579
18 7198 6244 7456 3510 9052 9159 6068 608 7848 2268 6532 9155 2721 6773 8482 932 1095 6010
19 3025 3442 5766 6484 2171 9950 5367 6203 3714 1985 7462 5965 4102 7317 6496 2035 5797 8837 4978
19 6296 6188 7764 3839 1252 1598 3261 2246 1724 1243 7532 890 4791 5671 6941 4522 4994 5354 4732
19 5227 986 2930 9485 8035 4087 6163 9928 4221 4851 6284 7893 1566 287 5617 9961 7818 8552 336
18 9691 8955 1407 9735 918 5305 6567 1686 7638 5496 9096 5217 2655 9501 2080 796 1982 3313
20 7657 1530 5477 1326 1725 8072 2782 5188 1057 8842 3967 3401 6369 2562 8436 1971 1036 4418 4971 1663
20 7975 1475 2393 475 2424 1081 8343 6756 3360 9602 7542 8383 9285 4647 810 3700 538 7526 296 4013
17 666 4969 4689 1121 7682 9150 1493 536 2154 127 9356 7396 9041 1611 9241 8508 1961
21 961 3976 9316 5746 8323 6647 8420 3952 8421 5520 1033 7856 4299 3187 7279 3695 8107 4564 3687 3126 5960
20 6412 376 8346 9481 715 751 2539 7389 2062 5880 6277 2859 6549 8537 7158 1362 360 5368 1158 3522
19 2788 159 9752 354 6159 5214 1639 3470 2602 8562 7306 3948 3814 8904 6936 197 6151 936 2103
19 2531 1363 617 9623 6480 9611 9512 4617 7683 7907 6778 809 4110 9529 3567 1044 8168 9591 1808
19 4848 7477 4347 8854 6584 1592 6764 1791 8339 6736 9107 1069 4975 1782 491 8756 6481 3595 2096
19 563 5060 5907 9633 2375 85 2323 8181 2111 4527 3777 4391 5216 7583 3357 9656 6522 5270 3820
20 9003 24 8085 3122 1232 6498 4965 5120 9837 8896 2901 6459 569 3982 8491 5736 6489 5470 6271 9484
17 400 1863 2706 7463 9421 365 252 7737 7333 9594 2708 3183 3419 5247 5728 3535 8777
14 3371 2941 6575 7355 8992 7187 3078 8474 5328 6411 7359 3898 2227 9294
21 6724 8128 9394 8640 7843 9640 7278 2039 1314 6357 2160 3599 9108 3037 8355 6468 8781 1953 9323 731 195
17 7104 6132 779 5009 2000 5844 6312 8220 7130 8649 4999 450 959 8452 1488 9555 5775
12 9121 7194 8772 7782 3610 145 6435 5355 855 3734 4401 7487
20 3410 8102 9450 9402 1369 7381 2444 2670 2504 2854 4822 8136 7099 7033 7012 331 9767 2354 327 5499
19 2735 9869 3596 1912 2652 4365 2665 6908 481 1539 62 3118 7106 4516 3131 9494 8043 56 5961
19 9254 1601 8664 1831 4787 7857 7282 3114 8135 4762 2506 5951 7646 9074 1026 7981 7517 2310 3014
24 8342 4056 4973 5636 6579 2235 3160 2132 9813 3537 5050 279 319 6219 7137 9857 8533 9605 8281 6546 1312 6423 7597 6467
19 4349 5034 5241 6168 7119 4944 8761 3474 7726 1640 5261 5102 1975 3628 602 2637 6637 4103 6448
19 5402 7196 5695 7808 3921 4819 886 1870 9941 4746 4933 1167 8604 8500 312 9745 3383 9531 6339
19 6822 2357 5295 2585 6902 5994 9681 8214 4921 8127 6376 1388 6408 4169 1126 4859 3642 6354 7589
17 6069 8464 7191 9219 8259 3625 2501 883 2051 1854 162 8944 9124 927 1654 3959 2865
22 8736 6740 7889 2738 5967 4583 2355 6659 5976 5862 4335 4710 7339 7745 5641 5026 8092 2946 5388 188 9558 5333
19 610 656 4788 3157 4843 3754 9194 4682 260 1790 2306 1171 7541 8224 5581 5322 246 1091 8217
20 8557 5381 7494 9156 1251 5442 1667 7446 5031 1338 4370 695 80 9979 1049 5204 755 9775 7350 4425
19 4080 2426 2453 9912 9823 6062 2497 4369 4038 7222 467 1960 3831 735 6998 6696 2879 5978 2287
21 7965 6361 8458 726 8445 6012 3425 4720 9205 3905 8228 3738 8852 4619 2801 628 3981 6014 3344 662 5150
17 4761 2981 1595 951 1248 3233 2431 7403 8335 5004 6174 6343 2034 9358 3627 3059 3741
19 117 5598 2559 7442 7915 9543 3123 7014 5692 7101 2668 2744 3509 745 1391 7478 3206 9676 2487
20 3168 9202 4481 7226 4062 4170 9297 1681 1768 1365 7260 2676 9695 5747 344 7806 6943 6079 6676 3286
18 200 3036 2110 9046 5710 8510 112 821 9498 7730 4964 3852 1762 5667 1877 1486 471 3478
20 311 9409 9002 7874 3974 5569 4990 5584 6332 8763 1072 6497 4053 6454 604 9008 3280 9332 7054 6074
21 3005 9207 1323 1527 1883 3735 3986 2386 9774 5092 824 4409 8496 8476 8109 4797 294 5121 8714 3026 2280
17 8699 1002 3615 1048 7812 5600 9039 4847 7923 9582 6671 2849 1059 7721 9664 8704 2750
19 6304 4873 2675 403 6360 3512 6927 3450 6738 586 1657 4547 5081 777 2553 2024 7781 1641 9765
18 1593 6182 4223 4642 7064 1537 2479 8650 4244 2800 4453 650 9984 5754 8663 9168 3956 2773
20 3200 241 1755 1660 8502 7636 6407 8855 7562 2780 9853 4026 9491 6891 8041 4199 5923 9818 8166 6603
17 6875 3778 3482 9847 9270 352 1504 9419 878 6038 6928 7919 9683 3977 1354 5505 9960
18 7862 6485 4792 7380 9139 1852 4121 27 6192 4400 5097 7308 115 4581 2827 3853 5735 8276
20 4307 8675 9042 1263 7561 7245 5464 4046 6643 7927 215 9822 9098 3577 4061 3561 8647 3256 343 9792
19 7585 1843 9127 5663 4167 3710 8326 1275 3704 3323 7292 5529 7439 3660 4674 291 3113 4723 5543
21 8448 6537 168 5620 5356 4213 6000 8993 5163 2957 2254 6243 3191 1094 5932 7480 3343 8197 4977 2785 3884
17 6547 8075 3606 8830 7933 870 4259 9506 3874 1916 8050 4837 2005 738 9056 5485 2114
18 6695 1869 3270 8996 4066 498 8143 3550 5268 8170 6240 8983 1617 3944 625 4079 6782 2786
18 5205 2275 5491 7567 8063 7762 2017 5309 8030 989 6726 4627 5185 6796 6598 8522 7485 6032
18 8406 225 9182 2910 6625 9388 5340 7353 4336 6043 7651 806 30 3980 6535 8398 1764 784
18 627 3435 5782 4696 2206 9376 1429 223 1169 9572 3521 3293 4562 9105 637 5657 2097 4530
18 768 6570 2327 7811 4628 1294 1741 9718 8646 5231 8067 4466 9802 6788 8619 2730 7979 8321
18 6735 1311 1710 7929 5240 1460 2279 5605 904 8366 7944 5349 2149 2872 5490 1295 26 2358
19 7993 2711 2695 4139 8585 9015 5603 8960 7958 2417 7935 186 9964 1283 9862 6310 2372 9351 9004
18 8133 704 7309 8595 7000 3493 4623 219 9233 5810 4552 4621 5 3143 3250 3591 7593 2839
20 1200 2605 2020 9497 4664 1693 3377 7791 9298 8161 2732 8027 9001 9618 4715 9755 2027 778 2010 2188
19 4225 3875 29 6677 3798 4499 5495 5525 6758 3841 7425 6071 2485 123 9692 1329 8515 8538 7742
15 2384 6703 9948 6655 1945 1119 3152 3075 3960 5389 1517 4768 6895 1043 5865
22 1830 2681 1221 1697 9045 7920 3753 5351 5503 3843 1876 5220 7921 6142 6406 9562 236 1607 858 1903 4925 7405
19 5440 6220 2464 5712 2061 9923 3461 4906 1932 7479 2903 3678 8026 547 7386 7216 1906 2197 5198
21 7357 3629 2245 9563 4537 3220 9671 744 689 5032 1145 8250 5483 9422 5843 8472 3071 1133 4188 1347 5825
19 1995 3373 3584 2648 2115 1394 9012 7455 8403 4106 9235 8771 7765 5239 6050 8724 9331 5364 3562
17 1372 3147 4666 1443 6772 8601 6777 930 2085 9083 7128 5327 2331 2022 7151 2249 3611
17 3067 5713 4981 7267 9072 4801 9247 7914 9593 9315 8914 3285 7388 6088 9369 6931 4968
19 6913 6402 2641 599 3740 1201 6414 8603 9539 8643 5793 3058 4294 5796 7400 75 411 9517 8866
21 6265 8328 2781 4756 313 8682 4045 370 6970 5611 3908 3473 359 6797 4856 7027 4660 9580 1290 8137 2628
18 8146 8379 3394 881 3699 2613 9969 889 3933 9982 9825 9855 5577 9877 6107 2259 2819 7625
15 565 8878 2614 1840 612 1761 515 771 2889 2807 4633 221 7184 5918 5571
18 4733 1970 2442 9729 3199 3879 6602 516 9867 3085 6709 3499 5640 9994 5927 3214 5876 6991
19 533 6237 8915 8079 7769 8101 2924 3894 9327 7212 7871 7939 7030 8657 6979 4284 5814 8044 8463
22 3197 5717 8213 8747 3477 7224 8876 8609 7829 232 2552 1203 8673 8544 4708 9727 829 5703 2612 8451 9971 2755
21 4742 206 6216 2797 1276 4749 4141 282 1340 9469 9884 3808 154 2428 2757 9006 4009 5846 2608 4281 6524
21 7141 3068 5678 4327 5064 5815 4264 2281 9930 8691 963 2045 1032 3895 434 3062 9646 420 5318 8392 8740
21 6228 8158 3030 2305 6541 7580 4249 8033 1031 9939 6504 9612 3963 3764 509 8836 7514 1287 4236 6229 1174
19 9974 1565 691 7876 2935 8785 4714 2042 130 801 6554 5085 5236 5800 3243 149 3787 953 7390
19 975 6698 5757 4353 5143 7967 9874 6743 2398 9460 6929 848 8242 5128 2460 7660 4075 2019 1446
19 483 5808 5711 3859 4953 402 1692 8616 2178 2948 5733 8812 6363 4176 6049 9007 5644 7257 7290
17 8773 8485 2599 3338 4258 7167 4655 1444 4831 7055 2369 4928 6876 1841 4606 7824 4726
18 2123 4882 5576 1568 7066 3278 7417 256 929 5007 6835 7354 1440 4447 2583 274 7100 5030
21 2166 7884 3966 2982 5557 8952 4266 8750 996 3404 3372 5590 7819 1678 4669 4367 2046 4517 7315 7702 3480
22 9996 8338 9011 7211 348 1364 9022 3672 6268 7503 5027 9077 7998 1769 6109 3348 3226 9086 5436 4118 5607 6314
21 6418 8302 1384 8367 8956 982 3925 8814 7394 278 7879 4036 6094 8776 1184 891 4551 5928 3920 5051 1788
15 6039 3623 8298 9082 1604 6169 2803 4016 7866 7447 427 6948 911 1127 2604
21 271 9090 5853 2893 2568 2319 6025 2682 851 9050 9662 3916 8911 8005 1183 5413 9371 7074 3872 3189 7304
19 6189 6202 9561 8739 5875 6983 1628 9799 7169 2156 7578 2636 3815 3598 6055 787 7518 1085 2334
20 2507 1773 7118 5182 2167 709 6989 8597 9963 8419 3912 2256 3962 7265 407 2598 6318 9560 7725 1732
18 6710 9199 5901 7065 8951 1436 7987 3406 7549 6785 9534 1482 4534 9446 4458 6958 8808 2618
22 2986 7116 6645 8575 2240 5212 9283 161 8148 399 817 4613 3763 7505 2574 6812 9772 3109 3248 6210 5395 3526
18 6410 1215 8840 15 4937 2959 3141 6061 4512 1856 9081 1608 7841 8387 9597 8755 4813 3464
16 1313 6098 876 7140 3939 7627 4675 4503 2404 2906 3260 2425 6175 1074 6819 4779
18 1757 9411 4914 342 4150 5684 5394 7220 126 1450 6134 1807 9091 6436 9057 4991 1418 8893
19 1609 615 3542 7512 4302 9171 5250 970 6475 22 3127 330 6511 17 2974 5897 5623 8541 706
19 2278 7253 6746 7701 6713 1496 4805 3498 7564 2040 8010 5100 5585 5378 2339 9010 525 5202 4817
18 719 2293 76 1534 7384 5779 3266 6446 4694 1382 135 9812 4707 8313 2120 2698 1156 181
18 2934 1745 3773 8073 4279 3139 4587 4798 4001 8627 3219 1753 6092 804 6035 2267 1139 5524
9 328 7013 2325 8479 8015 5342 8707 2886 8941
19 4071 8059 6649 9364 6987 6762 1804 275 4359 3888 2239 2044 2440 8495 5789 9814 7863 7358 9522
19 2784 8462 9511 8652 6041 6961 1455 6009 760 5574 3736 4131 7124 4444 2458 1144 6585 8927 7951
18 6252 1441 4602 9620 9809 9195 74 3667 5094 903 6938 5379 9149 4754 2933 559 8641 2880
19 2603 3816 4355 9645 9934 663 4029 1235 5729 2766 4800 6091 2446 6374 3683 6166 323 8623 5376
19 2465 8219 7846 8791 4282 9778 8188 8659 8873 6081 7006 8733 8388 9780 347 8058 3318 5637 5597
20 474 9325 9654 4673 8801 5860 6503 7344 4942 3263 4477 9907 4073 2860 1270 7892 9936 8658 8202 8971
20 6053 4959 3190 550 6437 6161 4979 8779 2667 4890 4954 5079 1029 404 6195 4422 3390 5806 8327 3525
20 4984 5955 3384 4767 1123 4318 8547 4125 7732 9821 4397 1432 1934 8347 2161 4126 1262 441 59 3500
20 3603 9477 8713 1142 5933 9191 473 9629 8361 1163 3397 6234 785 1719 4508 5015 7896 1462 8454 322
18 9757 1864 6670 8182 7724 5915 7587 2580 8289 8668 6906 4543 727 860 6732 447 2922 7133
19 3972 2919 7117 2399 671 3104 8150 9734 1255 8209 3351 1684 5145 6823 191 4692 3835 1318 1939
18 4648 2313 2385 799 8263 7440 2715 397 3446 6714 8353 7694 5249 5940 3449 6611 2550 2251
19 5282 7555 4227 7614 2805 2996 3332 3342 2309 3247 7966 5488 9949 1278 5752 9717 6317 4926 4286
18 4020 64 6198 5473 1387 6345 7631 8926 3756 8660 7016 345 6130 7584 1820 2064 5666 2822
18 5049 102 7787 98 5764 5008 5870 543 1237 2884 4238 7925 8144 9157 2701 1683 648 9726
20 4935 300 739 5201 4515 8548 1466 6940 8916 814 7797 5966 5191 5770 5429 3423 9604 1901 1851 9668
22 6139 2742 7704 2904 9406 6663 2551 4072 3785 7707 1509 4395 2712 5228 7529 6619 1231 2091 8592 944 7976 3688
20 3375 6058 5369 1644 9586 1324 382 4372 9079 3429 8807 6103 7063 6810 1957 4610 9014 3434 6233 7467
20 8370 100 6893 4615 4495 2390 2230 1913 1050 4137 6763 3979 6429 2201 4632 1166 6334 6335 6999 4378
21 825 6836 9842 8521 2952 8239 529 4014 4834 8446 4804 7608 1714 6309 4550 4290 8846 9162 9384 8839 535
18 9965 1511 55 7900 5995 5021 3101 43 2068 9598 8037 7240 2723 9437 9145 1019 1404 8877
19 6403 3697 846 6247 9141 6921 9405 5690 5674 4098 2611 1519 517 640 9659 3728 3892 1225 3346
18 6711 5602 6393 1104 3722 7365 3842 510 4478 1688 9647 2340 866 5146 7170 2456 8084 6518
19 8484 2112 1272 6966 4705 3685 6413 7543 2960 5133 2997 4280 6668 2871 6651 7144 9953 4697 9448
19 7230 7129 8118 8023 5380 9292 7502 1896 5582 9447 9062 8318 7838 5229 4513 6460 2929 4909 1137
19 7557 5012 6985 5289 4703 8534 7237 1907 290 8512 9337 8011 3955 9470 4183 6577 705 9129 1064
18 8559 5601 7255 7366 7078 1524 2938 8817 5534 5558 6270 765 6551 1028 5833 2011 4728 9119
15 8832 842 9349 4105 8813 714 116 6604 1413 1926 1793 5316 4448 6016 7235
10 2418 1331 6926 5353 9957 9873 8369 5867 1195 4140
18 9625 8290 4245 3108 2626 7143 9889 5041 1770 5199 3096 429 5772 4864 7845 6046 8282 1976
16 8262 6971 9613 2791 8413 8545 1098 8016 5807 9678 5066 4082 4460 5515 2490 148
20 672 3693 2999 9845 4404 5769 2332 857 3992 4163 4430 5921 9352 7449 5246 3896 7563 1238 8554 7700
21 7499 3855 3849 9819 6956 9628 4872 2482 724 194 3811 2299 4651 909 3918 2435 1797 7413 6057 6315 8113
21 5856 655 3105 9452 7548 3146 7193 728 4690 1746 4219 3796 9363 3668 2489 9689 1096 4427 9210 2623 5410
18 3546 2869 4017 2261 4300 9054 6425 9424 5453 9724 3137 2466 1068 2378 4498 1824 9389 7242
21 423 3411 3732 3366 1799 4654 8620 6366 3593 4497 8049 453 9242 2168 6017 7932 3801 960 6086 136 4799
16 9864 462 7882 6196 6751 3999 2084 8105 2834 72 4025 4380 460 1280 8526 4678
18 5727 6381 9071 1833 1774 7666 3867 1045 2765 6681 4004 9603 2726 9373 4288 7079 1149 204
19 9805 4255 1113 8823 7172 1415 6771 6605 2190 9709 3496 369 9858 6082 7454 3864 171 257 7937
19 2720 3830 4544 9751 1897 9800 8798 5076 1767 2947 6036 2012 2478 8732 597 6781 4097 3387 9399
18 4112 8786 4593 6752 9478 2537 680 3748 7351 7062 2328 9047 6841 8460 5392 140 5696 8053
16 9347 1557 4048 5958 4007 2081 9835 5648 5153 3355 2569 1476 5832 1526 9786 3954
19 2056 1500 8376 9815 3092 7912 7830 433 6156 4521 2778 9479 1765 964 3882 5595 1259 4751 9970
17 6239 629 1838 1873 7316 9649 7298 8672 7698 8475 2524 5288 4032 9958 2683 6685 2100
20 1240 633 5799 7209 7490 1345 3117 8314 3782 8930 2687 4912 8288 6095 9715 1585 7427 5974 566 9922
19 5721 7877 3311 6633 7794 6529 482 9395 9089 9896 5107 356 7740 7607 6653 9154 4982 8556 2321
17 1874 2184 9187 4711 6213 83 1328 7273 3794 8621 4743 5277 2965 570 163 3576 6302
20 7430 435 1222 6634 6013 4099 2383 8628 7286 5323 1065 1477 3768 7452 5922 885 7332 9365 1865 9211
15 394 3090 9680 6879 5352 3428 4055 9016 38 5823 1073 3563 3273 5363 3084
20 5086 4346 3148 8190 1102 3601 2525 8268 8917 3829 7327 8811 647 6949 2262 1792 1497 7642 3356 1035
23 3294 4421 3167 9473 7687 7574 3885 7342 6833 458 2596 5827 3022 703 6854 63 9170 5767 3658 3336 4240 3254 2202
17 32 8892 2975 1689 5709 3433 7205 6149 387 8912 5013 3674 8223 2767 3681 1011 1659
20 7314 7174 8176 1332 2233 7799 5472 5702 8583 6719 9143 9844 5993 8456 8186 2433 1798 8880 6351 1083
19 519 9274 1206 6248 6896 7870 7312 9330 4880 676 5403 5135 3935 8270 7639 5741 7244 6978 9058
18 2783 9564 4709 2737 1470 5045 5704 512 1501 8432 9386 261 6034 4946 8487 1927 9308 3850
11 9314 7464 9872 7727 46 7213 5252 5489 8110 2389 8923
18 8803 5287 7120 5172 5514 3865 5959 3602 6254 8287 87 6510 2394 7991 4457 3652 1210 5443
19 5668 7019 1271 6450 3174 8324 8903 5656 2558 6336 6733 334 3195 1361 2157 6881 3415 6295 3413
20 4794 7041 8869 1634 7266 8981 4607 250 2374 8498 9575 5196 3707 2739 4963 7073 1129 2158 7202 7606
20 734 4028 661 713 4113 8272 3443 456 2892 6609 178 8408 373 6352 5385 1536 3040 6827 2795 2148
20 497 9830 7323 6729 3119 618 5123 4777 8437 2856 2380 7340 5526 7885 7473 7596 1846 9115 7161 3771
19 8787 4511 5868 8529 7840 5816 3877 1264 4345 4858 9975 3725 5761 7852 2001 1969 8141 1128 8633
19 1674 8681 5535 3790 315 5954 4441 9237 839 2037 9085 4514 555 6986 9427 5215 6266 7238 3863
18 4980 8737 4869 7654 4496 2 7807 3416 6389 6353 4486 5448 8060 4997 7821 8006 430 8838
17 2436 9464 8631 5161 987 7197 1502 8909 2041 3209 9240 9973 9624 6589 4737 8336 5977
19 119 583 4247 8486 7525 9508 1297 1747 9706 9348 490 2607 7470 1358 6542 8183 4570 4210 1343
17 3739 3530 7010 5291 8843 3231 3919 1650 9571 6886 7592 4312 9066 1786 4 8352 79
14 6831 3208 3655 1010 7444 6980 7331 4853 7500 6224 5492 3718 1894 432
21 9164 5300 1414 7234 3469 9632 8300 4566 2702 6375 3930 8003 6488 9524 276 1334 9279 5677 371 3140 9854
19 2883 5751 6884 8826 6474 4248 6803 6800 9420 8872 3177 2753 2994 3100 2779 4134 6621 4311 4695
20 7471 4228 6767 560 9362 2600 3340 1199 552 6292 4343 1260 1236 4616 8867 7031 5455 6867 2666 7472
16 7465 1422 9038 1587 7579 2264 9102 1458 1651 6557 5258 1728 9095 9271 6177 6104
20 4693 4657 4643 9341 4877 9382 9789 2835 4093 4064 9188 3361 3784 2826 9260 7785 3186 4459 3488 579
20 4910 4958 3993 2402 1353 6722 9043 6932 678 1707 9009 3201 1063 4519 3385 619 8920 4316 1643 4324
15 4948 7428 2297 1879 9080 5452 2804 8390 4262 5283 2396 4956 3715 1454 994
20 3281 5406 3605 1160 6519 9190 4344 9554 9570 874 544 2058 9426 9535 9051 5956 16 8090 4273 1599
19 5948 6430 1491 7448 1193 2382 2241 5451 2505 1827 1875 696 717 153 721 6147 5630 2289 6768
19 8435 7040 5087 6815 93 9988 2899 9917 3299 6802 7254 5114 6427 7258 1116 8130 9787 6453 6487
19 2538 8157 5554 1862 3904 65 1518 4624 7418 6813 2741 9725 4809 3996 2966 7800 756 1701 7175
20 8203 4724 1721 292 2089 4784 7793 1999 3973 9375 1850 1188 1401 2915 7336 8574 898 9220 1456 6246
19 6206 4410 9495 8434 5433 8447 9321 9355 9983 6262 3659 2295 2095 2392 9660 8860 7131 51 7667
18 1503 4586 2543 5743 8401 8285 2979 1008 2632 9944 8466 1571 3034 6852 3151 1748 631 3115
20 6424 896 2260 3475 7301 3583 3459 9335 9357 907 8494 3881 9324 9318 4408 5826 5645 4904 983 831
18 8784 1494 7792 1433 3316 8932 8291 2236 5694 2438 2381 6328 7886 6140 259 3180 4215 764
20 1465 849 4888 9576 2320 6255 6420 9882 9879 4278 8416 6486 7324 8655 2400 7313 2734 3943 6230 3941
18 9306 4034 6067 7415 3317 8988 4776 1217 8359 7248 8514 6275 9502 7378 7484 8567 6445 3184
17 3445 444 8901 4854 4366 4044 1965 6253 8504 5088 4168 3003 4462 3046 8488 9977 302
22 6466 6004 6903 1994 4260 6379 5256 7080 477 3731 9962 520 8593 7887 1743 8068 9959 8380 7409 3447 8718 7371
20 6123 1079 9679 1723 3826 2270 6128 3173 1668 1154 106 9655 6658 4974 8834 9177 7752 9942 2847 4554
18 5235 3840 2639 8782 6662 3053 2942 5023 52 1687 1853 3472 2290 6447 5768 4010 5935 9770
18 9078 9138 8799 9710 1967 9810 4085 2955 358 8584 5421 2514 574 1292 7029 7303 2858 8907
18 7319 554 4895 7150 4396 4718 7081 2861 5314 2350 4505 2186 3876 8589 2656 9431 3662 1306
16 3616 4078 5245 9657 9179 816 4871 1342 227 7675 2101 4745 7424 3609 1056 630
20 3555 6851 9820 6639 2105 5466 2078 9784 6741 2076 692 1179 1520 6267 5905 3074 1895 1919 9638 8265
20 4455 5970 8979 3418 7379 6900 6085 4852 2990 8725 1368 9592 5947 308 528 743 5207 4402 9126 3612
22 1097 1984 4021 9165 4907 2601 3783 4024 7321 8550 4092 6469 3639 5945 2699 2367 2423 7822 1395 1366 5606 1084
19 3821 5628 1223 4068 3802 1872 5981 6308 2093 3045 7875 6646 8743 2050 1572 7032 5720 2139 5265
19 7768 3057 8940 1580 1282 9264 4970 8938 8705 2587 1370 4322 503 7853 2083 1983 8255 1249 1052
20 1269 1111 9743 7628 646 4285 864 7770 3072 5116 7761 9344 7897 6313 9893 9468 5787 4702 7533 3080
21 9670 2536 4815 772 4130 9238 2304 8212 9112 7274 2109 8415 7271 8513 7247 9587 4434 6990 3518 6388 4923
20 3758 1100 1605 6809 4677 2187 9574 5393 5360 5292 3570 5383 1317 4917 2054 540 5022 7888 9764 4683
21 6706 6327 6409 9769 7203 6909 7045 3534 9224 6811 2414 8662 4096 9951 7486 6146 7431 7121 2469 2196 8654
18 7677 9947 2480 9463 8767 8560 9972 4276 4608 508 7060 7895 793 2877 5893 4945 3702 9967
18 489 2696 9370 7810 3436 572 6816 9130 4560 6776 931 6640 2087 1025 5170 5936 7268 4042
18 211 164 3901 4939 8237 6030 6648 9870 9583 2674 5722 8145 7269 333 2719 651 4350 2564
21 9733 502 172 3990 3807 6538 2216 199 7999 6734 2362 1690 4398 7902 4487 968 642 2725 5142 6112 5647
19 109 9846 3746 5112 6021 320 2513 8450 7622 4334 253 1265 4524 912 5568 3485 9808 1579 9354
19 277 3066 1430 6842 5405 409 4394 6882 357 3391 1485 6344 1964 4081 5345 3015 2059 5508 4755
22 5387 1625 6843 992 9731 3073 5879 3845 5748 244 4857 1810 1941 3590 4211 1806 5594 9148 7095 1379 393 3456
16 3544 4328 9192 2397 1424 9103 9441 114 339 1780 8014 8974 7165 6482 8613 4239
21 4601 568 4194 5686 1560 1637 2937 9980 7407 7661 800 8428 2841 9367 7443 3352 2685 6105 5401 9827 8949
18 7685 4376 5809 3793 2989 5700 4423 6033 3212 1499 9275 3258 6183 9197 3106 8386 6045 1001
