32 6599 4049 8207 3519 6407 2048 1076 6551 1012 8874 3647 2243 7097 8815 7429 3449 4120 9448 7053 2727 7200 5038 7507 1343 9132 7567 2072 5812 9904 4762 8898 4275
30 8033 8128 4803 8841 8584 7436 8564 3318 3158 3544 7536 3020 8605 5219 5800 1719 270 4955 3723 1265 2045 154 366 1311 8192 7048 749 6404 5361 7887
33 1434 6062 1021 8745 5612 6556 4314 6452 7572 8737 8365 3090 7629 871 1020 4243 7404 5854 4602 1142 2326 3971 4815 4752 3077 148 6477 5234 8203 7413 7371 5635 9700
27 9670 1387 5537 952 8957 3079 3275 3745 4874 4938 3791 223 8956 2560 6134 7218 6487 2192 4806 2172 4484 5437 2427 7602 677 3957 3642
27 1179 8394 8740 3618 8438 9076 7430 173 7931 4190 2011 2699 7884 7893 3662 9276 7189 3945 5858 4859 8748 2437 8606 7604 4936 1323 3570
26 3016 4611 5149 6770 8717 4476 343 1342 7468 4062 9993 7355 4316 3136 5947 5546 1858 8529 244 1984 1687 8690 1958 4820 1270 1099
28 9191 9447 4616 2736 4165 2608 7988 7691 9854 1419 3315 5905 628 2551 1535 7888 5614 4482 1565 7685 1534 6548 1900 1682 6327 9687 6932 4539
28 333 9435 1468 2365 9966 7485 1250 6099 5596 4263 8988 6183 3011 751 9736 5174 6146 1156 1649 2742 2222 3140 2896 5711 2737 9188 3057 8311
29 719 8546 5944 2152 9352 498 2746 7191 1160 6186 468 1792 8623 4612 6192 7844 7044 3814 5340 4359 5563 3200 1869 9082 2311 3800 7094 6865 6422
26 2603 5160 1805 9791 2343 8681 7299 3904 6630 4945 7958 6129 1761 8007 6451 5755 5688 7433 8720 9313 3862 372 8994 5780 5481 2630
28 2446 3247 4068 457 9322 8375 4745 4889 3234 9412 5411 6684 3609 5270 8960 64 2723 4860 9532 9684 7461 5091 2883 8165 5092 9615 4512 1637
32 3440 9960 9361 9202 3932 4408 232 4948 7347 9753 7592 5183 9093 4064 5292 189 5075 4378 6078 6802 4812 8233 2676 1814 3469 8408 5946 4020 8305 6189 9555 411
28 9058 4764 554 7798 294 1217 2908 9289 4929 3105 5429 4564 5766 8814 7265 318 4509 9776 9551 562 9597 708 1685 6465 3168 7050 5930 9138
28 9145 4805 4662 3322 7957 3091 6686 9182 8469 4241 7275 9855 3317 4637 5076 3960 9337 1733 1702 5468 6608 7454 5286 4908 1800 4237 5007 2786
31 2038 7760 5608 5938 5031 5826 5020 1373 4642 6971 2194 2735 2068 1144 8378 6786 6119 3602 4035 4541 6571 1722 5814 2486 7128 6201 4798 7705 2814 8879 5107
27 2995 3076 1359 5815 1795 3267 6817 2303 5023 6287 3798 8859 9959 3605 6904 4800 6946 2997 1008 6642 50 8742 2454 7396 3985 5470 3116
32 820 5008 6003 2051 1055 2642 8178 2477 9186 7765 8840 4290 8938 3321 5450 4276 8713 7196 4191 4299 1656 4405 935 7954 1481 8556 8032 9642 9894 3008 7593 1651
27 2822 3265 7251 2145 7723 1677 7980 1888 1317 4168 9332 8538 9434 3477 5720 7236 4438 5931 3189 6679 7486 6797 7738 6833 6823 6960 9799
31 8141 7205 9591 477 60 919 3033 9975 4134 5976 1671 5382 4504 5770 4985 1698 9344 8200 6334 1736 1743 9401 7198 1646 6254 3066 6832 8376 9900 8409 4594
29 2870 7576 7148 2563 8118 2169 4286 9825 2920 2794 7671 9281 4988 6310 5998 9334 3096 2206 3884 8230 913 3357 2377 7444 3084 7457 6203 7926 2719
34 2849 5057 6200 2399 421 1961 6822 2391 3122 7513 6236 5119 2509 3277 1915 8611 7157 5993 2019 6380 5643 2663 5415 7070 7797 4816 186 9878 5985 9353 1629 8061 6955 1298
26 681 9446 8903 3811 4046 1600 1631 9184 425 8655 3431 2092 2114 3983 2475 9169 5123 2488 4211 3338 351 2422 9113 5621 1522 9918
28 5371 8698 8447 4769 8950 288 5318 3326 2771 437 1302 5440 872 3839 7258 7035 5346 2111 2839 1291 2127 1663 11 3848 6838 4346 3404 5240
30 9738 445 3119 9933 2003 736 3560 2747 9790 4251 4185 7955 2122 2325 6763 1166 6873 3786 6841 830 646 5697 8354 2449 3994 8202 1119 5667 9388 6279
27 8725 8568 1704 3268 5598 5705 7464 1998 2601 4856 6674 2998 7114 4839 4434 9671 5778 5554 6031 8888 3521 4468 2065 79 9698 2444 3048
28 7277 3216 9727 5557 3385 1776 8833 7203 1865 1167 4370 3608 6456 259 5839 3684 5114 7676 2972 9641 3365 1922 8388 8243 3014 4827 2267 7341
27 6430 9194 7421 6284 6242 9238 8517 4880 1477 8808 3548 4667 7612 2033 7290 639 4051 1581 5389 4143 7372 6370 8818 1333 3664 9431 3232
30 6042 3533 5967 9755 2049 5671 8913 499 6550 8532 7071 6997 8222 3199 5817 680 183 7365 1931 3244 7762 6373 118 3768 6981 1859 2706 6325 6969 4171
28 6440 9243 6970 3903 4655 2138 684 5105 2457 9327 4178 8145 3010 337 5842 6075 3574 6104 7447 4056 5623 2117 8308 6818 3697 6447 5991 819
26 9832 698 9459 404 7865 147 6747 8289 753 9029 5847 8255 3806 4288 7630 9174 8161 3089 1945 1381 6880 4255 1393 7100 6157 6576
26 6781 957 1807 7864 4560 9096 4673 3513 9415 8798 5659 5550 8861 3065 48 4232 884 2639 3969 1324 1586 4927 9774 1399 3826 8964
32 4172 4878 6669 9646 9033 9773 630 9439 8791 8460 9314 4040 1000 778 9300 6665 3514 1383 568 6343 6958 495 6934 3749 2934 699 9022 9863 9293 3758 8682 7534
28 9413 3833 3640 82 9963 9485 6978 3069 8318 359 6018 1188 8475 4421 7013 5662 6905 3046 6199 4894 4245 6694 9181 1728 2094 3138 2157 647
28 3117 726 8919 2633 5654 2359 2745 7870 6523 4941 2913 8008 9618 2235 4851 7167 8175 5622 2270 6020 7095 8163 6290 6077 5936 5918 7399 9741
28 5835 3991 26 170 6032 7259 4273 5639 5700 5010 7811 567 8864 7007 7124 4693 4623 1845 4778 9195 9663 7092 3947 3572 7544 9767 1738 9212
28 3883 5030 7569 8324 3323 4093 2853 5355 8794 2548 6646 8558 1137 2462 2425 255 3371 4649 9746 9206 9514 9065 2885 5402 7789 547 1428 5674
31 6428 2191 7006 5127 8193 9416 4304 5079 980 9126 8917 8894 6800 7877 4160 9668 4525 7848 1645 4670 7535 3591 2340 7287 6577 3940 1464 439 6755 4037 3082
28 156 352 89 854 6005 6658 7369 2318 6263 353 2465 1170 8871 4074 4756 7889 8495 9701 6468 7594 8088 9661 9124 9950 6360 2498 2585 4678
30 3875 596 3198 4217 8766 9585 8506 8150 3606 6780 6809 5782 3942 6006 2631 5692 801 9758 2484 4899 7963 9578 5824 2987 7453 1834 7677 1079 212 6441
26 7418 7313 6093 4715 785 8865 7227 9308 6357 5699 292 781 7025 2151 1469 1346 4654 342 3539 4744 1497 4450 5430 2059 2957 9837
27 4523 1893 8934 8134 9816 5478 2489 1639 9842 3110 1650 1406 4230 9630 834 7333 1775 6071 1443 1628 6619 426 4947 2273 6561 8265 1445
26 7426 4390 6463 7367 62 8417 9675 9442 9087 6773 6352 4098 1838 802 9021 8707 5816 4854 2628 9972 4741 9041 9579 6633 9404 9478
27 306 4974 1312 5467 3534 3899 9980 4795 6738 7038 1092 7838 8142 6433 7737 5841 7495 6923 6391 9063 2978 3478 2691 9030 951 1551 8307
32 6130 6497 3060 9850 9073 2768 5323 164 1258 5878 1423 9760 4833 5442 2373 5015 9283 1114 1117 4010 1977 549 3933 9086 3676 7956 7711 4380 3345 4767 5410 6479
26 6340 5756 8797 3462 4474 1276 939 5168 5403 4047 3456 8185 8189 693 5790 7221 1488 3638 201 6855 5099 4510 2926 41 8774 4977
31 4078 2417 8579 5213 2573 1241 8320 6519 3604 8904 323 1248 7105 9689 4019 7873 4914 1963 5727 9264 588 9162 1366 7143 7920 4013 6911 9805 4561 5717 4789
31 9392 5383 7794 2940 3764 5585 6618 8991 3335 3644 6328 9420 8511 9012 8665 8878 2464 8550 1876 8333 6288 5631 7786 4508 5765 737 5937 1727 119 2349 9784
31 1572 5595 5209 8282 3259 1210 873 33 3417 5343 194 6606 532 7340 922 9666 5652 6220 2899 9779 1116 8444 9102 8102 9331 9610 2927 6988 3421 2386 5486
29 2600 6543 5529 3503 7543 5148 5188 4377 1253 6163 7390 3481 6574 5568 2416 1879 6719 7556 3047 7210 9783 1476 7818 7360 8637 3607 2670 2587 2507
30 7678 6791 1424 2305 5448 9640 8754 5360 1904 8263 4229 452 6814 1044 5330 264 4328 4740 2309 6827 3255 8086 8280 1478 7523 1718 1470 6161 4832 3531
28 586 3288 8346 7394 906 9811 9027 7201 3420 9339 2542 4792 6672 1960 3284 9824 99 6837 5001 2026 2023 4968 9318 5342 7166 1181 6038 4188
28 6507 3665 4318 4710 813 5424 6167 7981 1344 9078 2289 2474 832 3923 9326 1840 3102 4704 7410 4513 3497 6101 9291 6013 5215 3868 2634 7641
31 9159 7216 8297 6474 9304 4386 5706 3854 9795 8377 3341 3678 972 7983 8352 3390 5732 3567 5385 8321 8300 5745 1006 4537 7512 2115 5184 2828 8928 5365 4916
29 9189 4543 9930 1429 5 7028 1485 2654 6318 6581 4383 2010 8242 6714 6968 9070 1379 1561 7530 5363 8014 8275 5649 1594 3687 5256 8768 9410 6017
29 3387 8961 4170 5653 2640 9836 4009 8176 9848 466 7614 2320 2948 4081 5230 3978 3013 5242 3550 7716 1617 7252 349 8075 5101 8484 1875 8945 6627
32 7138 275 1191 6294 4400 5400 6168 3443 1547 6752 1174 6160 9910 527 9739 249 5994 2060 5971 4118 4853 72 9085 1274 7498 1281 7730 4197 1473 825 4014 6491
27 7833 5837 4980 3235 5917 4214 5258 4192 8790 6854 6097 718 3563 6829 8787 2658 1973 5708 7241 944 9449 8985 4075 3909 5795 7965 5690
30 8450 2864 3169 5247 9568 5423 5022 3528 902 6037 7387 5420 3290 2184 3944 6591 492 4365 6611 9929 5421 4206 1510 876 6688 9679 7521 8539 9782 7272
31 2851 8315 7946 350 1715 2239 2637 2298 1770 5074 5434 7419 8330 4293 2389 9008 4845 9852 3596 9867 8704 1077 4208 4265 6583 3936 5685 5507 3970 7153 9346
28 1785 7096 7219 7992 9537 3558 2001 200 392 4869 2463 1452 3897 2043 8804 1426 9801 4429 3739 7480 3578 3351 9170 5386 2170 5948 6942 5698
30 9321 7511 8513 6748 2236 6643 4385 3192 5975 5390 8013 9809 9179 4986 2237 7750 3880 9981 9083 9875 9693 885 7669 9686 1580 5466 616 2481 2016 6301
31 327 6956 9988 2297 3856 5476 7519 4252 7768 5861 5904 9178 4689 2390 4930 713 4700 8221 3885 6087 1987 8626 316 5300 9101 5225 4196 4224 1714 6496 9204
31 295 4433 6857 330 1024 158 4313 4692 1836 9658 8944 1444 2685 805 866 3377 6111 3805 7961 3414 5458 4233 3935 3307 3910 1347 4877 9080 8374 1791 8465
29 6885 5049 5492 4824 6278 8765 1750 5457 243 1194 9839 3435 2973 6540 2889 6617 1732 4159 4225 3689 6771 8747 3712 2261 5196 3355 9723 4998 849
27 102 4398 7871 8432 9378 8108 4126 3182 5523 4679 7091 6849 9458 9118 4477 903 440 1190 9512 6047 3053 8127 983 621 2329 4897 2661
28 7318 4501 4773 1067 7442 8549 9907 7065 6553 4724 9976 1526 3310 2153 8334 8807 2193 6466 2271 7959 5141 9945 7289 6222 2257 6883 2523 3634
30 1717 8184 2554 4259 3150 8250 7087 6112 2142 4341 5028 4028 4100 4919 7882 9794 7217 2407 1578 7170 7250 9348 4326 6631 2778 6022 6305 7002 5050 7899
30 5260 5465 4122 7744 5461 8714 2036 8239 4858 1151 6795 8728 8862 8892 3778 9800 7363 2632 6180 1741 3761 8054 5961 6579 8527 7713 5864 5586 3872 9969
31 9351 5388 5475 9635 5333 3405 706 949 2574 2919 4857 5106 1460 1280 2424 2348 4776 7626 6760 3615 3666 5620 8157 2669 5180 6335 6136 6751 7852 6133 694
29 6424 9887 4701 2769 7528 2401 3049 7022 3610 9457 5142 5501 6927 7830 339 2893 6565 3576 2299 9730 7971 3561 9569 9277 5110 9869 9748 1946 6090
30 5604 493 1134 144 4 1969 1414 5587 8249 8641 6185 9067 5192 6178 5579 2428 1504 58 9587 1823 2180 1902 5172 9028 8738 7154 196 2031 7978 4901
28 187 1574 5771 7698 4067 1264 7538 6944 7117 1118 9110 9497 6176 3495 5040 2411 3085 6054 5165 8312 4403 695 1527 1765 556 3668 3422 6405
27 7653 3025 1983 4195 908 9571 9781 6567 7484 1524 310 8925 1667 3599 1224 268 807 7293 423 7101 1731 7281 714 4695 5729 9873 2518
26 526 5482 2890 5886 2767 9625 6007 7541 1064 6860 7503 8448 8721 6298 3401 2034 1584 6555 8359 4462 2294 7332 2514 8731 764 447
30 7136 5524 8835 7496 479 5999 9139 9754 4278 2266 7024 5413 4344 6954 3771 3175 2704 7102 9411 4555 5827 6938 46 8380 2655 8030 6339 9320 7123 2623
29 962 27 1751 4937 7625 4983 4530 2950 2403 3166 38 7432 2382 2833 1308 4883 7310 4027 9998 3031 9566 7113 7339 8179 7505 9099 7788 1001 2925
27 5455 8039 553 3476 2147 9721 8204 5863 1882 1980 4774 997 1292 5909 917 7500 3852 2602 9237 136 8229 2074 5017 1543 4590 8514 5002
30 7427 7674 1492 6671 9589 5553 6677 2126 2323 2770 5312 565 5983 2412 7712 2014 9455 3657 6009 9509 4879 6514 5710 1966 2328 192 7542 7424 9786 5453
28 9925 1660 1566 3044 928 4636 1760 5201 8914 3215 9690 5781 4687 4428 1102 4748 4072 2653 9653 9429 2605 3900 6541 5009 1939 6524 4708 7260
29 3660 6638 846 276 9224 5968 2755 8711 6994 2175 8131 9575 394 2370 2082 3389 2869 3193 4819 1394 3395 5788 5888 4979 9633 501 4923 8151 7649
29 9822 4473 552 7084 4227 4307 1420 2722 8760 301 1490 9704 6692 8051 9877 5628 5573 9726 5605 8868 1332 8531 932 25 7600 617 371 5591 7756
29 2150 3496 6720 3693 2263 9120 2506 5696 5580 7561 5277 1096 2647 9007 9365 6426 2387 5485 6759 742 4102 9269 5995 2865 4959 1634 7174 2901 9307
29 9180 6683 8952 8053 3331 4716 9121 690 8292 5821 4958 7268 2643 4375 5417 6741 6851 5252 9985 5271 9402 5449 1686 6909 8174 467 3062 8932 470
28 2584 280 8969 7173 8547 3557 1430 9456 9554 3242 4500 7847 4435 2355 2044 7557 1832 414 6967 6034 9744 6070 1183 9004 3239 8487 3530 7368
29 6975 8125 68 502 3350 6255 7116 250 5170 6267 9274 3797 4456 7308 2220 3674 5426 4321 2259 4261 8457 2362 4269 3257 1815 9765 4516 6088 6148
28 7584 8504 1037 1700 659 7842 4950 5406 7812 6872 6705 7990 7346 5758 6924 325 5672 9016 9271 9275 7465 7306 8002 4479 3173 8770 2810 7555
30 5634 8383 7015 5310 5051 7668 2394 8036 6329 9267 84 387 1952 954 4139 7932 7514 2070 2886 7051 5641 7904 8998 9602 2694 8803 3840 2716 9847 5517
30 1808 7639 9227 273 8872 2339 879 2057 2674 800 525 881 4101 3127 7267 6208 9091 3677 8217 5295 5393 246 2081 4324 3699 9253 6141 4890 5227 4058
28 3249 2795 747 1380 780 1293 2410 230 8943 4153 5352 9135 5716 3211 7212 4648 2319 3621 591 608 8703 9061 3002 8306 1518 3653 7841 2217
31 3511 182 6030 2085 9454 8634 8022 7061 3905 4691 54 5405 2004 6398 8610 5958 6476 8379 4301 364 8735 1989 6887 1375 1266 4735 2911 852 6320 9544 6172
27 175 6845 5197 5206 8003 1123 9286 2992 2728 1098 174 9529 2720 9862 8149 1873 6323 7292 9518 5321 7657 9306 2210 9576 5926 7654 3708
30 4935 9826 8590 1614 2166 2918 5784 8486 888 1557 8899 6948 8591 989 6338 938 4146 1456 1611 2087 8692 1992 6536 5319 8789 44 8164 7214 7934 3436
28 4052 1364 2876 9052 3391 2841 6000 6036 9491 9889 2947 8206 6585 9490 1314 8926 222 2690 9897 9843 1513 9493 7987 7647 6028 6650 4585 5885
30 9215 1752 1753 9584 8049 3278 5744 209 1689 5293 8483 9660 1163 8335 5265 4373 6653 756 5977 6896 728 543 197 7477 8542 3760 4274 9383 7533 1199
29 602 1040 9756 5207 678 3731 1340 8834 8581 848 1802 569 8047 133 3926 5073 3437 7206 2173 5602 7254 2621 4426 7220 8672 9778 6184 8240 5723
30 6056 9538 3679 5895 6563 1236 7607 8741 2313 6230 1349 1002 6368 8038 6414 7515 1046 5806 6039 6232 7819 7389 5872 6139 6713 6972 448 7478 1533 9932
33 4661 6392 5973 3950 9079 2395 5436 2609 3479 1368 8569 9798 3304 9720 6434 8094 8035 5379 8759 1828 812 4924 3052 7425 579 5624 6080 442 1930 8749 4257 6656 6830
25 5919 1035 4099 931 9484 9831 4356 4446 8262 1889 8801 2977 7312 8597 101 9528 1613 8452 6691 6917 4593 2976 1263 9731 8816
27 1141 6668 1285 4480 8277 6876 7054 7916 6412 9793 5162 9311 2982 9734 6884 1763 6736 5893 4142 7255 5445 3208 6533 6637 8412 6173 4964
29 3155 3171 6488 5462 4311 3266 971 1245 5887 472 8153 4582 4601 2682 4090 8422 3067 633 4557 8186 5179 2455 5190 1357 6828 1981 937 2969 7886
31 1769 3592 6992 9702 593 7845 2212 8646 117 9994 4542 9173 6085 4423 3700 6345 7072 1783 5056 361 8419 7064 4606 4731 8664 7857 1877 3015 6358 4354 9192
33 2635 2586 8121 9440 4632 8074 7581 6105 7840 3297 4630 8004 5763 8147 8260 9628 1847 3382 3180 153 9513 4669 3222 761 2650 4024 2619 6108 3930 2008 4437 4097 7774
30 7851 1425 3383 9612 4622 132 4478 2707 3086 1679 3825 4825 6143 6483 3271 2108 4865 7262 4285 5753 1514 5452 614 1947 6415 5548 9003 7817 7997 3375
30 6808 1599 9992 8017 5345 9129 768 3541 8154 4025 9883 9818 8734 8446 1223 4177 7546 604 7632 4604 8208 9114 6852 1995 7791 8750 4412 1638 624 7559
28 4891 4236 3260 1818 3411 9223 1299 6361 2680 4460 5951 7939 5488 1642 664 3108 7795 5880 8367 6984 3296 748 3597 1878 7508 2400 8167 6202
31 3448 1833 2855 1745 571 3225 107 6912 9851 3882 9363 7082 7257 5024 237 9060 8129 3418 6953 5331 1806 1284 7565 506 4449 7644 9143 9463 9991 7315 2879
28 8849 8366 7566 8540 6150 8966 7381 6389 3500 1852 1395 6386 3686 2369 5718 4129 9560 3327 2047 8767 6987 8719 6489 1790 8533 5734 4714 75
27 4141 6214 7115 3579 8751 8421 679 8322 1676 7334 5964 3819 5306 7088 9810 6326 5419 5288 3564 206 6858 1974 2211 5161 1678 503 6906
28 45 6257 3551 2836 3005 1325 7952 7679 3346 3520 4055 8628 4873 3879 2671 9712 9673 1341 2420 1043 1844 6259 8451 2302 4984 1288 7854 4915
29 3039 9957 5115 3367 1659 2782 7790 3480 5235 7243 1074 2120 709 5438 428 57 5443 6223 9659 2910 9144 1157 4971 9036 4905 731 2544 1653 2388
30 8946 9868 3781 8936 3347 7769 9315 5916 9324 110 1694 644 6238 3974 1294 9616 1706 955 8133 2941 992 6734 7398 2002 9108 2618 6920 7517 9968 2367
31 2098 1271 2351 8927 8977 2252 1197 73 5783 9745 5969 1307 5704 4443 9655 1870 5152 6462 2364 4406 370 6469 6700 137 2177 7583 1227 3218 7422 4556 2681
27 2717 8407 3075 7358 6374 7180 9665 8828 5278 473 3392 7645 6486 2683 96 5982 536 5799 3736 3309 4000 5016 3196 990 4548 2594 7540
25 2758 2090 4870 817 9549 93 1203 2538 4281 1709 3695 5767 1122 4240 3359 4596 9316 6529 6089 607 2248 4490 6435 6159 7688
27 577 6197 8183 9522 2930 9856 8201 6826 4221 6276 70 7776 9833 7321 6182 4112 3820 1246 4330 7274 963 6103 8219 5549 1209 7004 1508
28 1466 4568 1339 2482 2 605 7239 1777 1883 2558 7374 5281 76 2817 580 4414 775 1351 1903 6894 3658 8905 6317 3988 1705 6377 8596 2678
28 601 5336 2858 8693 5726 7086 4628 383 1082 4652 1548 6999 6582 5848 603 8355 5541 241 9005 6144 712 1372 7754 9074 9342 6052 3305 9255
32 8103 3756 5966 5156 7244 8261 8464 8651 5177 3683 8593 5425 4223 9703 9372 7973 3753 1453 9409 8534 8028 8496 9234 9965 9433 8763 809 717 1295 1559 3857 124
26 2734 8468 4458 9785 8052 6292 8454 1839 257 3553 116 9185 9729 5081 8259 5750 433 3097 3626 7967 4105 4619 3796 2807 7066 7917
25 4768 23 4808 7329 6718 5857 8553 1219 2021 793 2020 9068 9256 2256 8226 8119 6789 945 8079 3426 5521 6506 8402 6179 3595
26 6229 5324 4535 5251 393 4969 2179 7597 5584 161 564 4032 7696 95 5037 6965 7103 7208 3000 9048 8126 2109 4571 3993 1327 1990
28 8057 4303 3873 2244 1890 7279 704 6411 956 2832 358 360 594 2590 4658 3416 2546 4113 1789 500 7571 1696 4912 1538 1874 2862 3958 6055
32 2223 474 4115 2198 7487 9699 1080 6348 1592 7960 8723 9921 7039 642 5080 3063 5356 6607 3525 8288 2290 1652 3999 5871 4558 8169 9523 6943 3959 8070 3554 7527
27 1999 3179 6980 2042 5456 8594 975 1009 1269 2986 8552 510 7344 3054 1054 2568 2660 8056 260 6194 8382 7658 3352 8516 8501 1739 1596
29 6933 7822 7047 4807 5109 9884 1560 5714 674 1243 2331 2909 9502 7816 2502 2589 6147 5531 7779 326 3252 4709 8467 7799 9176 6660 7966 1690 5953
28 9111 3878 6155 6102 6600 7016 7751 4044 7190 6515 4401 8769 225 895 5808 379 9323 744 5431 155 7945 9472 3559 2093 3197 1801 265 9941
28 6096 3209 5865 2614 6493 9520 5896 6057 3205 4828 7036 9857 39 8413 1968 8362 4522 2445 9676 5807 1251 2366 6066 5599 7490 8244 8187 9527
29 6423 9166 429 7416 6580 8572 610 9451 7598 2207 2030 1908 4882 8775 2730 8752 6757 9421 4496 247 7141 3714 1625 3294 1061 2505 4954 4685 1648
32 3183 7539 1862 7449 6995 2966 9803 2232 2106 6256 1849 6138 5533 2148 3246 6388 9390 8168 4244 3088 1230 176 5892 7501 4036 3459 6499 5344 8290 5054 7908 9860
29 8099 3929 1860 1964 2384 7176 8093 1707 6979 4145 5514 7076 9983 9792 4011 9424 3287 8135 9017 5640 6372 4022 4173 1318 9335 5459 4981 3589 4690
27 7914 9288 4503 9273 1053 6966 7149 8649 925 5597 8391 4212 2017 6457 9196 3837 2029 1684 3378 4626 1782 8160 4459 882 5527 6074 8096
32 4804 9913 5669 1278 4697 9462 4394 5084 5506 2931 9677 6728 7077 1146 4335 5642 505 7585 5853 2208 5338 6383 7862 4029 9638 6986 8302 856 3583 5216 9724 4331
29 2805 7984 7689 9131 4436 6481 590 4452 6750 3018 1692 5412 1747 1034 9845 2077 3137 4645 211 17 1252 3509 4253 6602 7119 8197 2441 6663 1851
26 3145 9117 446 2141 5949 9504 7379 6584 886 83 3846 6460 6024 7493 2970 3895 1231 9396 9373 9657 3163 6745 1820 6332 578 496
28 7849 6982 1143 3505 2813 7475 1758 220 7896 5512 6331 3300 7672 8455 1147 412 123 5095 514 6758 5272 5630 988 898 2398 8582 8978 9643
30 1579 3128 6258 779 6379 7915 1759 4193 6572 3603 1933 3759 5122 1458 8373 1781 5098 4187 6004 7582 5469 1031 8323 1716 7152 1022 5712 8037 6737 1911
32 9168 3709 626 271 1066 5226 4309 8478 9310 7693 9203 9973 6918 7950 7596 5198 4779 3961 700 1720 8303 8181 1356 346 6501 5677 3655 8363 573 4791 5418 5921
30 3922 9155 915 6117 1985 7408 3556 6866 3865 670 943 300 9919 799 6291 4213 7763 2432 6712 1471 7821 890 2199 2160 8343 7106 638 1615 9882 7911
29 9141 6190 6959 7014 3051 8439 5883 8285 80 2788 7062 8677 5137 5894 6378 9707 4862 335 6792 7225 3093 7497 5011 4993 8712 121 3161 4712 9403
26 8551 4765 6936 8615 8663 4231 9583 2061 5036 384 4696 1621 7962 7564 803 4787 6270 1335 3270 317 441 6709 9987 641 3918 4821
25 8858 3704 1186 7890 4156 3949 794 2613 6531 5175 2935 345 406 3920 7909 4164 2164 4554 4849 8411 8811 8845 2385 4866 1793
27 724 3460 9366 7985 1772 281 5435 6218 290 391 4818 4092 1056 3220 4317 6170 4738 8997 6193 4016 9859 3081 5515 31 9573 1027 9770
27 3256 188 4239 6889 8072 2673 6027 1917 6652 184 7727 9116 6429 7948 2979 5741 4656 1884 8643 6903 7933 9201 8695 1446 5021 126 1778
26 3236 2607 7638 291 1612 9350 5274 5769 6715 3194 1371 3094 2656 214 5567 7578 7373 7814 3133 821 2964 787 566 6821 8715 85
28 8724 4951 1499 7147 703 7296 883 0 5490 3229 4266 7288 9250 7012 4258 9103 3068 1240 4987 4846 9649 6593 8777 4381 8830 145 6673 6246
26 5552 4994 7969 9632 1913 1004 484 7660 1871 8258 636 7663 278 2837 5248 2521 3737 6043 1072 5243 7998 7895 6704 8353 2956 2254
29 8709 227 4802 2756 1059 8273 8257 941 9393 1898 3176 1120 7407 4782 1182 6951 533 6644 999 7829 4763 6297 5518 149 455 415 1891 9995 5823
28 3831 4119 7448 9408 3126 6767 4903 8620 8541 6409 332 1647 3134 1919 7532 7587 2315 2181 3248 2688 4203 1953 948 8965 5907 2487 3059 5211
26 8561 5069 9984 5416 3907 8897 7872 9270 4444 465 6914 9057 8191 9217 5581 7924 1848 7093 9105 9210 5019 399 5276 1136 8771 2288
30 7735 4071 3324 6910 9761 5351 675 9864 4703 2689 9815 6648 8844 5578 8915 4424 4149 7975 226 1090 7182 9631 2856 8685 9374 3842 65 7246 1484 7460
32 691 2202 9561 2847 3575 9115 2154 9235 8381 3429 1301 5311 7345 5592 8813 4343 5332 6670 8975 6045 7879 9920 6937 2764 2579 2443 2434 9788 7107 5859 3870 6091
29 4960 4060 2012 2535 7488 1515 3114 964 7605 4017 400 2646 8617 8976 6187 4918 2581 5026 4085 2592 3964 5651 2356 4409 859 8935 287 2668 1635
28 9340 3877 8710 2766 8063 5151 9629 2242 5570 4641 2725 6862 6612 4199 9483 6628 6775 1619 2073 9496 374 4631 661 9134 6783 9474 3645 7049
34 2440 3611 8267 2604 6245 8237 9719 1198 3299 4325 2525 2629 4431 5963 584 8248 8066 3894 9923 4750 6079 5186 6083 4499 3433 3924 7562 4663 3510 7618 4270 47 2456 6065
29 4801 1437 7695 9385 9940 4926 970 5157 8645 6535 6277 5314 5818 1962 9552 9507 8908 2466 7079 8856 3087 9691 6799 6040 6293 6929 8574 9838 2994
29 13 6557 9942 1734 6973 504 3019 4315 1610 9970 7195 9092 8332 8109 2741 8329 6365 6438 923 6788 6549 2438 2566 2046 3649 8986 6732 3024 63
29 7080 9460 1100 8130 2916 6554 434 1784 3348 4953 111 21 3364 5828 9414 7809 9381 7682 5187 905 8662 3600 5145 5341 347 7386 368 3106 7215
26 2163 4338 1192 16 2459 4867 4175 8958 5253 7163 5350 1436 2520 831 1457 4106 5236 4023 6853 5607 3483 1378 6308 9422 7178 2980
24 9696 6595 416 3396 6123 3917 3281 7202 9056 7423 7949 4417 5214 5239 1213 9614 8806 4780 9840 2250 2731 2357 9645 6596
33 1711 5535 191 811 2555 6922 8756 8937 8000 1603 1326 4844 2124 4295 2800 2739 2278 8139 6120 19 6118 1755 1041 9379 2729 8535 8955 9563 172 6008 5375 977 4087
28 9106 8424 6729 1247 6351 1042 1229 22 1304 3336 8347 924 8384 4218 9002 8796 9119 5493 4719 5087 3750 7140 2638 3237 891 7903 2952 2103
27 1408 2652 7175 6890 4717 1644 6710 9936 4799 9260 4374 2859 838 2324 4843 8336 2133 6839 6604 921 6420 5686 7617 6490 3468 1773 2107
29 8544 1062 2954 5555 9967 3373 7637 4048 1127 5053 9771 3631 5249 7589 7491 9325 1413 8155 985 4653 2861 7686 5085 160 5337 7518 2915 5280 4300
26 804 5532 3482 9636 676 3332 6369 8638 7409 3545 3484 1754 7989 3941 274 1416 8425 6505 3787 1506 9377 9582 1881 3962 5877 4625
32 5959 6891 9336 5751 8697 1300 6128 1944 1730 5822 7869 2943 7370 5611 5497 7859 9716 3939 2333 9480 7563 4333 1384 3861 1297 6636 5715 6153 2516 8744 5789 8114
28 9151 993 7782 7937 1148 7295 9590 3997 6874 3130 1427 3286 5803 9261 9681 7912 5733 8156 4305 7311 8188 4681 2510 2189 9444 2942 4502 6835
27 7828 8678 2396 6459 4391 7974 3103 4521 6436 743 9089 7846 7056 2939 9400 8847 285 4786 6605 5025 3627 6661 8772 2269 5471 6269 5065
28 1587 8246 9787 5583 1124 5298 4495 5163 7580 4647 5304 2877 8115 3441 7385 2740 9040 5773 8996 6219 1843 9062 3498 4416 9912 5736 5851 5707
30 8644 4349 2785 2472 5855 8445 1131 2450 2161 4110 9808 8889 8536 7443 3828 7018 3370 8140 5810 9473 3012 2816 4810 4651 5657 7616 9586 1369 9607 6614
28 9742 138 4481 1275 1448 3755 35 43 1149 8463 5879 5279 1244 6026 3464 5299 2226 8461 2246 2460 6401 217 6769 7595 2990 769 5779 7690
30 2672 839 34 7020 8162 5912 3821 8211 7610 5096 1797 1589 9844 7099 6418 2888 3639 8310 7628 7476 488 5743 5089 6019 18 3154 2533 6503 2829 7348
27 8595 8654 4957 1257 6985 1787 771 5760 5407 7131 5290 2165 5786 8031 5484 2798 3928 7357 6346 2461 959 880 2063 427 1010 4339 98
28 8090 7031 5483 7060 4529 9268 2096 926 356 8458 9835 199 1680 9278 5093 6545 299 6396 1748 6381 1605 4932 4485 5232 5593 5275 2530 1154
25 2368 3632 3968 4660 896 4834 2429 6815 1725 7401 1986 5791 2887 2056 5752 1173 7994 7428 967 7266 9789 692 9023 7474 5033
29 7609 8786 1590 3442 2775 5307 3170 8182 3785 4306 9548 4822 3584 7953 2872 2245 3473 8304 1901 1463 2196 6241 9020 3493 9927 637 9452 8360 960
27 3902 4634 551 5153 69 629 8820 4302 2591 106 4396 1168 1032 4749 5202 1047 9525 7732 829 8069 5902 9652 7376 6907 5650 3202 6625
30 4322 4057 4896 1422 8778 3410 4323 927 8812 5496 266 7876 2076 7549 7588 920 1063 6991 1780 535 9386 8173 9608 1583 3706 9208 5805 4895 824 5987
29 5046 5014 4797 5846 7982 6864 6322 443 3858 2375 8264 168 135 3121 6552 6375 1353 3747 9427 6058 3915 672 9682 2284 9865 1601 3366 2582 3143
26 3153 1712 5997 4249 5522 7359 8316 2097 4127 9370 7130 3568 1726 9 9426 5131 2118 3342 725 5381 6289 4664 6916 3226 4063 1363
30 8097 8364 1038 766 2140 1025 4730 1541 1081 2230 4292 2924 5289 7509 4410 6998 494 583 4475 7783 5866 2089 7902 632 218 8979 4287 2959 9015 8636
29 929 8971 487 9891 7253 1442 4104 4621 1810 1193 6609 4334 5200 9279 6502 844 2187 8578 2307 1970 8863 1328 6260 1115 390 5849 9330 6061 6135
28 3363 4066 6785 667 4200 9678 4486 8235 409 3340 2651 228 3507 1662 9389 5505 3109 5464 9901 1803 757 7977 4319 77 2567 6762 4963 6974
27 2381 9470 5566 6275 4005 3680 6309 8418 4550 6069 6191 5913 178 3026 9024 2327 8420 6035 4198 8344 9881 486 6169 4600 6947 8387 697
29 4467 1826 6227 1113 1175 1756 9899 9494 6205 4524 4348 9737 1228 3124 8842 8780 193 9709 424 463 1528 1232 1479 105 806 240 1916 4111 7577
27 9581 8730 5908 9042 5308 721 1178 4298 1238 9870 9500 4906 1972 5132 7033 7172 4492 2200 4742 6803 853 4209 4505 5764 8077 5915 3517
26 2156 3258 3681 1398 1283 8410 6616 3439 8488 8309 3379 2397 4583 7431 981 7733 2564 8827 1273 2458 284 9813 4320 205 8132 7820
26 8854 9498 9075 40 4442 5990 606 6562 3167 8652 1290 2946 8020 2759 6696 2708 6724 6527 7646 7145 7139 9713 587 8110 869 5738
28 8220 8472 1130 4327 3844 589 3669 7356 8783 4204 4728 3488 8509 8630 3470 8319 1033 9239 9137 2871 4427 8104 9450 6717 7192 4674 1106 5392
28 1959 3353 7324 9157 1909 5658 7715 8050 8389 4137 1643 5694 5441 8435 4128 9232 1616 7591 6195 759 6805 9026 1374 4369 6867 5569 561 7775
29 8598 9594 7222 3921 357 8293 3486 7777 3388 3742 6586 1493 403 777 30 1567 3641 9567 1376 6140 797 3691 7714 5725 1454 103 8068 4771 722
30 1965 9417 5041 8481 7183 2965 6765 4639 3040 5401 5322 1899 8857 9906 1742 9160 1853 6706 6518 1906 2596 2277 8474 29 113 8567 5809 6776 7537 3952
25 1641 5136 3149 2293 5210 7185 9107 6162 5133 9979 2539 609 6213 4713 5378 613 4357 4595 2880 8428 7619 2214 2848 2781 6511
30 835 8406 90 5195 3701 9123 6262 167 5396 8588 7835 2062 8907 7282 8963 3269 6895 7378 3400 9419 9266 8524 8340 897 4012 8043 2844 2123 6598 2497
30 5832 5326 8386 7883 9236 1675 6016 6395 6559 734 1532 3430 7000 3251 1461 5373 4727 7834 2625 3372 4939 1729 7827 1108 5221 497 7697 8443 870 2504
30 3384 7708 4944 2418 5680 4976 3783 6437 760 3156 5238 3863 5297 1618 2121 2675 8560 1536 7673 9156 7283 1101 6525 162 6131 5408 2308 1184 8959 9510
28 9054 6796 6151 1421 3518 899 4734 150 1545 5397 1988 1176 2780 1936 1636 9387 7273 6315 8839 3485 3115 4729 6659 4008 7090 3816 7362 9343
29 377 3827 1036 8166 2860 2101 5353 4758 3427 2078 3454 140 1721 92 3344 8029 1225 7479 9711 3217 3726 828 6782 4271 2749 127 3906 7165 9600
28 3240 9718 1842 2335 4050 3898 9258 9407 1222 4004 6824 4163 6651 1544 2204 7558 1571 2975 8199 4491 3725 6342 4613 2491 8987 3349 5897 8694
27 6950 7704 8566 6620 4250 236 3465 8518 8680 2989 3986 67 55 6544 2015 52 7069 7350 2733 1107 3022 9221 6002 6059 5257 8640 6051
31 7995 476 5881 1220 3292 6754 791 3489 4483 878 4079 4440 1934 6272 1171 9299 3499 7181 1654 3394 7403 4781 151 5873 8902 6251 4746 3946 378 5513 5666
27 2993 5889 5185 6444 2058 5228 2310 4559 8067 9247 8666 7005 8883 1382 6621 7438 2131 8397 9319 3221 9225 9034 1361 5491 4345 8470 2907
27 9888 3361 7611 7579 8884 1441 9955 2797 5757 5055 9127 7400 2610 6082 231 3250 4340 6353 5246 6307 8 7017 2612 2626 6068 2099 4978
35 4189 2086 8170 5794 3455 6516 6753 4788 1562 5925 9406 91 6522 9254 9231 7377 3629 7233 5191 4737 7499 4570 4706 8571 5335 8900 7263 9265 9539 195 2627 7801 2431 4364 1177
31 1788 7606 5472 2186 5144 4597 8256 8398 51 648 7706 3174 7043 9081 3301 3571 481 9807 7780 6067 2471 129 542 6662 8510 7683 9953 2938 1550 3159 1185
30 6613 4671 4169 9592 1597 6868 9397 5223 2176 2132 6711 219 2100 9216 2354 9931 982 4310 1450 7127 1216 5264 2503 6517 3688 9620 4995 9971 6647 2480
29 9049 1896 3181 544 968 3951 3291 8954 5542 2334 3715 8042 1435 1935 5108 6044 998 5590 9046 9896 5283 5625 146 7905 3729 6041 836 9358 7326
28 6570 4466 4766 9039 2253 53 792 6902 3185 5900 4497 1799 4511 3889 86 4054 5003 6695 4711 827 1699 8622 7121 9828 3601 4526 4775 4347
28 4065 7343 5903 2715 6869 7158 9599 252 6473 2763 7525 9218 8686 3061 1496 7615 4094 9928 9946 3276 4772 7073 3141 7807 3522 3074 9161 7134
29 9371 5703 1924 9175 9428 3746 6634 177 363 4124 2050 3146 3360 4743 1409 1713 5737 1013 6725 3690 8674 4982 1979 9198 3111 6181 2371 2291 2659
26 5588 2636 9257 548 9806 289 6622 9622 7526 4457 1516 1880 5869 2080 7620 5519 386 1710 7506 1591 3823 6273 1812 6495 1540 3071
27 3233 1556 3172 4248 15 2868 3871 1897 1549 3398 8245 5282 32 2287 2224 2692 490 3790 6349 5203 2421 8962 4783 5261 6881 3472 6588
29 4107 8434 9804 1737 5724 6566 9546 6244 9084 4363 5547 7450 9654 1214 2790 4633 9197 5287 8276 755 1563 4220 1162 8287 1951 2501 8270 2134 7010
29 6330 8227 8083 2013 4001 8494 2027 8238 4726 3565 4823 9964 5689 9694 1701 6226 2219 9262 2292 8403 4234 8922 4721 8708 8522 2904 1345 5681 3504
26 8502 8044 6265 5237 7699 2914 6816 2748 2961 5068 9812 1069 2724 4368 9617 297 8107 8459 1438 9879 3841 1474 4026 1211 3279 9438
34 94 4088 3333 3201 229 9190 5499 4076 134 5772 3212 4031 1708 5395 9501 6772 7725 8764 5565 1338 2490 2827 4216 6081 4620 1546 3752 732 1449 9535 1607 5398 4418 5638
27 4852 9213 1956 5934 9956 4739 7944 8441 5843 6820 6707 9545 9303 1145 4723 1135 3213 4493 5636 8973 9519 6355 3112 7280 4518 8589 4184
29 6198 3452 5112 5082 163 9533 4247 5911 9908 9871 8482 4551 4280 8860 6492 9534 3253 8608 3792 5754 5735 114 3135 2718 5582 1237 2999 3829 4254
28 3423 6610 7636 1260 2137 7910 5670 4588 6268 4533 3415 2413 6175 5978 2508 4902 5487 8537 8684 6333 6589 9171 5722 7897 5819 2703 7764 202
30 746 687 9019 9382 7482 5229 2762 4089 431 5687 3402 334 8639 2657 8223 3458 9598 5199 9647 9214 8921 8570 9605 8929 5575 9517 4532 3663 4256 6804
28 9814 436 4581 3316 6509 3762 9874 7441 4640 7664 7815 5404 2262 3849 6915 6448 8401 3408 524 381 5078 6158 3374 7659 8981 2075 3188 5255
30 9872 9248 8400 6790 9937 8012 2541 8642 4831 521 8294 4284 4402 8137 8279 4448 169 4059 7437 6863 1075 5572 786 770 4039 8823 8658 3072 9768 4329
29 4469 4246 4794 2228 4629 2677 5303 7800 6084 739 2183 5083 7300 557 6350 7808 2754 2696 3788 3965 5684 1570 7055 3713 9710 1672 4881 8351 6575
29 9488 328 6482 1855 1093 7880 2679 3532 5045 6590 1630 5834 3807 1494 5730 6940 8667 7285 2515 2932 3593 7169 8010 2884 7972 2712 4422 6240 3386
30 671 6931 2777 2000 3283 682 5376 4566 5474 991 8144 6735 8691 2576 8254 7692 8942 4470 471 4441 6122 401 298 8836 2721 8218 574 7270 7747 9556
26 3190 1539 7402 9506 8543 3744 2346 2433 1370 5121 8505 2276 125 7001 4676 6306 9595 772 8301 9146 783 3542 2264 6397 2804 4644
28 934 8983 1595 9751 4887 4358 8627 1620 4665 3955 109 4180 4546 1094 6629 6963 3204 9295 5923 3523 5217 4608 235 4973 9164 1350 9018 9154
29 9284 2793 7648 3009 7151 3847 6212 7111 6188 8832 6367 8512 3585 234 1392 9596 705 2580 165 4073 1827 1997 1957 1404 2776 24 4643 9650 1868
26 7132 2496 2069 7109 5516 9961 9059 9733 8224 258 710 8675 815 9935 716 4389 7634 5004 2363 459 1978 6761 4702 7631 6784 8799
29 1187 994 2330 9128 1051 9772 5166 7110 1895 901 7352 6454 6941 2981 914 7146 5746 6050 9823 2974 9938 1432 3613 4176 7524 4840 5633 9100 2406
24 8453 7395 6234 1608 738 9943 2937 1259 3330 1172 3502 8124 7622 3293 2402 650 139 9623 9819 4228 1762 5317 3334 2084
28 4830 49 4966 7144 8266 8281 1322 6295 3654 7703 1971 7122 3635 877 6749 1819 9209 324 355 1523 6645 2529 2282 2203 1105 2067 8784 6537
26 9053 1204 417 4415 4018 8046 3619 7405 4174 5384 7802 9750 6406 643 5695 8599 7813 4498 4725 1208 2079 5560 5882 8891 3038 9354
27 5325 2874 7707 3238 5138 311 2064 7743 2522 3055 2897 6993 1482 5268 56 388 307 438 867 8951 8252 5359 3041 2616 2850 4871 7414
28 2139 4754 6778 1863 1681 4183 2687 3784 8025 1121 2116 8345 376 2185 112 538 8313 279 3569 5933 9013 6825 640 5660 2268 518 5284 9895
30 3042 1109 816 2512 6578 7026 4082 5125 2136 3711 1872 7753 8661 2761 9547 8190 7271 1391 2882 3231 4886 4528 5088 2483 1626 7223 5231 1991 4605 592
31 2830 4751 8613 5525 8006 3272 4545 7748 3774 1329 3795 6811 2811 8621 6539 7898 4103 618 8198 2665 122 9639 2787 6196 8706 8940 3717 8810 8195 1503 7162
29 558 9820 9492 7161 9251 1152 5368 9395 9380 1242 7680 3298 71 6716 8650 5731 3319 5594 4837 6870 1949 3624 2162 9508 2784 2962 396 4461 2565
26 8607 8948 3698 5086 2201 8910 8500 9989 6312 4997 3670 4599 2171 3616 3043 5899 248 8098 8209 3413 8632 7666 5391 7843 8317 2783
28 7901 159 8851 6756 6046 7719 5610 6793 3802 7473 4579 9309 5135 1830 7681 3512 1941 6777 9298 4536 8838 8788 3369 6011 181 7970 1928 7907
25 5062 4182 3860 750 1926 7667 9974 3587 8679 619 7209 3637 2495 2903 2300 3552 4946 1087 7599 267 6 6356 3467 1071 3006
32 7320 1573 314 1205 7230 3919 3716 7773 2644 8911 2960 5071 4272 3494 5974 4813 8762 4080 5447 8196 9465 7325 5143 3029 8136 9977 4646 4222 818 9045 4540 8385
29 42 6154 8625 6152 663 8992 9489 3164 6286 2274 5222 893 2705 9464 6945 623 2231 407 1640 7510 658 2641 7892 9924 2751 5813 6303 4135 3021
31 7545 6603 8980 128 6961 5460 5313 5683 8968 9954 9762 8325 2846 7188 5701 4179 5833 2549 2485 180 5399 8016 2361 6455 2025 3859 2275 7900 4699 6806 7264
34 3187 7633 8492 6871 3177 7986 7976 5052 6419 8493 6385 8466 1206 7328 4430 6508 4992 9290 1050 6403 8671 4618 3475 7057 7665 823 3070 4615 9962 9542 8416 5432 4707 9982
33 7229 5370 3471 5233 5965 8120 1907 8027 320 5176 141 9376 8253 8659 1023 1459 8761 7307 6977 8982 3728 2662 2702 2317 1475 4366 4531 5536 1655 9071 2809 9163 1627
27 9443 336 9559 6657 4015 4350 9240 6472 6856 7942 5890 4382 1103 2251 263 5394 3740 3261 2988 9511 5414 8923 5981 8554 940 9152 2791
28 3720 528 4151 795 7375 8673 2562 2028 6976 9664 1418 4471 3463 4226 9140 8034 6127 2898 7211 104 8881 4210 1529 9766 7164 8916 655 7319
26 2234 4796 1407 3536 9200 4355 456 685 204 3925 6449 7032 918 5804 9047 3891 3822 5929 8600 4572 3023 9667 575 7741 4965 5178
33 9246 7787 1410 7351 3702 4553 1138 4809 3770 8974 3892 5327 3241 3730 8489 4488 3650 1161 1623 6110 9611 3142 5034 8825 9536 6899 7601 8117 4407 2789 4353 6587 8618
29 6021 1670 3682 2524 8624 2569 572 7349 5742 7891 8668 9090 6252 8821 9010 4351 5648 1169 9706 2492 4686 1200 7137 8456 4108 4291 2448 4940 8314
31 9714 612 6928 4757 2168 6485 365 996 5159 5366 3743 8573 6882 5840 600 1261 4332 8999 2929 7943 5047 9574 8326 3447 6324 651 8880 6722 7470 6952 582
28 7781 5798 8431 9150 4096 6990 7142 6690 7767 5768 7554 9466 7388 7058 475 9312 1537 7231 6875 8091 458 2174 2597 3614 9398 5960 3540 8753
26 5673 5952 5387 4933 2468 7338 9461 7993 2286 5064 1320 6253 984 669 7159 1606 2379 5986 7640 8676 6560 3948 5747 6217 6810 5193
28 6261 1568 8404 9685 9515 6746 4395 36 2499 2055 5100 2802 7150 2342 1272 1886 5150 5267 6458 8113 6126 4121 2553 6248 8081 4913 7322 6632
26 9692 5914 2752 5126 4975 2409 2892 6225 911 7459 1029 8882 5956 2447 2128 3466 1164 2159 5709 6316 4150 8084 8660 7923 2380 6730
25 4760 4759 3312 627 2018 6919 5935 3362 2928 6354 3078 6137 198 3152 9050 1 2272 2700 8071 7736 3838 3938 321 1315 3808
31 8085 5130 5511 8073 2526 7383 3804 308 2158 2843 833 9821 5347 6098 1262 9672 6450 3073 303 649 97 3738 9656 6592 1633 1811 1305 2537 5543 6442 511
29 3516 6461 6416 6382 4917 2218 7650 9540 6744 1028 2799 5793 1723 2577 1771 1552 9588 6850 8116 7083 7825 1362 6913 5155 4907 652 5678 8216 7492
26 8372 7439 2693 3855 3671 3001 4083 8528 3144 9593 6206 2404 1068 8497 7635 8656 1296 9834 2875 5316 2104 2667 3354 7938 6513 5320
27 9543 8523 8415 7481 2479 9735 8746 3195 6740 1104 560 1920 4617 1892 6701 8370 842 1058 7446 2773 8635 4705 2812 9285 5526 282 5988
30 1030 6597 2442 9951 5545 4186 1016 7327 9619 6847 5059 1724 1319 8015 9430 3799 9570 354 4399 6023 9341 9226 4283 1447 9069 1287 1798 6094 4875 2436
30 4949 701 108 1520 8327 7752 221 4487 5315 1039 1564 2857 8106 1553 683 947 9122 8843 7832 3337 6443 5250 7734 894 1396 9916 8743 9866 1268 5644
26 2823 1846 5777 3643 7042 7603 5693 8718 3724 5856 5329 4132 9367 1664 7081 6249 3973 9911 5328 7301 8633 6569 9759 7951 6264 7417
29 8896 3210 961 9384 7894 4514 4942 8687 1668 8967 3893 539 1507 611 1517 3129 958 3869 8429 4861 5979 3206 2374 469 8520 6076 3979 7805 9914
30 2921 3562 389 8592 3264 171 1487 3243 5058 5510 1007 2052 3273 2900 5428 3646 7757 3113 8269 1286 4464 4308 1086 315 4138 8105 6012 953 6639 531
28 7337 6888 874 3735 5005 3118 9391 8328 4194 1519 4130 3314 9280 7118 8722 6100 6521 9564 4070 9644 5061 3793 6723 37 2571 5609 2467 5269
31 9858 9601 8657 1196 7516 7177 9242 1932 7078 1083 7709 4898 7928 1405 2314 9207 5972 1511 2227 7573 1582 9926 1155 1005 7687 7520 3652 6573 3403 8548 9577
29 4260 6879 2963 3954 1505 2167 9708 8526 9044 1767 3813 8562 2891 5367 3721 9453 3461 7803 8041 2216 8795 3017 1084 293 7440 1576 3328 6142 419
28 4494 4238 2649 4219 6402 2024 2301 6676 9329 4264 1226 5309 6115 7247 8886 673 2753 5989 4086 2598 7940 520 7228 9886 3779 7435 7655 7021
26 7382 2557 7384 8586 5910 9097 3573 3803 9220 1525 9482 2606 4515 1829 7853 4838 5498 1757 8930 2476 735 1279 7029 3101 2213 2149
26 3832 1816 61 6283 6464 185 9898 7045 9375 4140 3515 9158 522 5104 2527 9996 4847 1480 1234 8508 9364 9715 7810 8585 1954 6413
29 9475 152 3937 5129 2578 6794 5446 4387 9499 4888 7771 239 143 4578 6156 5409 9893 2312 6739 3853 4451 7226 1388 6926 9903 9032 3710 788 7187
29 3590 9688 2711 405 1809 1049 9752 555 9356 8920 3651 3648 3035 686 6025 5427 1914 254 1495 2229 6768 4928 3526 4336 3588 6311 2902 7806 5208
33 8172 4753 2182 6250 5181 4152 1575 8970 2801 2983 1089 373 7906 5830 3095 861 7739 367 9355 4614 8295 3754 2344 1334 9125 1019 9503 6478 9148 120 5618 2528 2451
28 5801 6347 5898 3 1239 6703 7392 5838 1622 2923 1489 7860 4215 5540 6302 3325 4202 7027 2726 1955 7548 8449 1337 2709 8060 696 1665 9558
28 5645 9441 5128 4507 2221 7621 7317 9853 5146 7455 4577 3434 3705 4855 369 9011 3824 7098 4876 7434 6733 6467 7868 6534 1486 8918 1235 8909
29 4114 7662 9031 8286 1554 3537 2536 4575 3675 8358 2178 4547 2534 6362 9683 6417 9471 8580 6095 7451 7224 3424 7125 889 7261 4268 4793 3913 7796
28 3104 5721 7458 2353 9147 8873 6300 7304 5647 7531 8616 916 2617 2372 4970 8158 7003 3976 3617 668 8101 3438 4367 581 5032 5787 3633 4747
30 660 773 256 4650 5829 6177 837 5102 9892 1132 6296 8214 1045 858 9763 3368 449 2341 733 5357 9846 3843 4675 723 8809 857 9193 9613 1697 2611
32 8299 7030 9747 2933 6925 6623 2295 385 9133 7755 2415 689 9917 6693 5852 8231 3393 6721 8990 8614 5212 5139 6132 622 9849 3224 9905 453 480 1967 8268 900
27 3766 7574 5942 3866 6520 930 6547 4388 987 1158 3191 2818 4603 5606 7623 2697 4814 7129 8048 9521 242 2392 5158 4517 4384 6564 9418
28 9662 1348 7552 6113 4567 1593 3984 1354 313 2255 9287 9769 8436 1439 4538 6494 9345 4972 1180 5762 6886 6209 3998 978 7856 8092 6546 2936
30 2452 395 8850 6655 6313 3881 408 8076 4432 1688 8369 6813 8826 4371 1905 7758 9999 3162 6558 776 8473 142 4296 9948 4155 9476 4683 5836 3444 3227
29 2209 4447 7929 7011 5945 7412 81 6280 8462 2511 203 7068 6224 7941 4925 2540 9098 461 7133 6949 727 5364 9680 5702 1316 3457 9829 8631 5273
26 1472 8440 1976 4573 5619 9467 1609 1433 8159 3685 7112 6166 4893 5422 3549 1026 3874 3358 3586 8112 8100 8895 5372 8225 4419 9697
32 9282 4989 3987 8829 3620 5182 1604 8726 9909 435 2774 4736 4489 545 2066 6484 729 5577 2419 8087 6106 8800 707 3980 8739 2732 5996 7991 4872 2968 1212 973
29 688 2241 1140 6363 5868 1794 319 5302 3254 3908 3546 715 1215 6060 3896 9469 9297 7823 3594 5825 28 9775 2102 10 4360 4584 7553 9841 969
31 2922 3628 9797 2469 4777 7249 5244 2195 6274 1555 8055 4262 4519 3228 8089 322 5761 7075 6594 5884 9487 7710 5094 8430 7445 2824 7411 1786 8776 6498 7652
26 3581 4574 450 9606 3380 5116 1674 9272 87 1011 9952 8507 3812 7238 1530 904 6939 8705 3230 3165 6774 3450 6654 5374 2007 8696
28 3636 3815 7235 1835 4718 9915 4627 6427 3667 380 6221 995 2426 1126 7792 8426 6432 8480 4826 631 2958 4041 2905 6408 7804 7850 3901 7502
25 1817 1768 2350 7232 9777 8471 5875 8423 7415 3407 3622 3028 9876 4109 507 5103 5194 7067 7452 4790 942 2054 2041 7568 341
26 9038 656 6635 6935 3139 2599 8234 4672 7393 8040 5906 9051 5664 305 14 2806 6900 4863 3178 765 1669 2393 4841 9580 362 7234
29 1386 9445 3772 3782 3623 5066 9229 1411 2281 74 8602 5124 9187 2500 6624 3927 7836 6387 5627 9199 9516 2240 4362 8802 2866 5294 1313 3555 2894
28 482 1531 8885 3050 6231 5867 9986 9949 7291 3313 974 4952 3356 6337 6321 6861 8023 5060 3245 6834 2347 1982 9486 4884 860 8782 8298 1864
29 5266 2765 4166 1365 665 3953 3412 216 5556 3887 5509 6210 4379 1128 4598 2645 2125 8283 887 976 6641 5922 5120 634 8555 3719 5928 9109 3767
24 1824 810 540 1558 1740 9165 6470 8123 6033 9249 2743 4148 6376 3004 2473 4668 7749 410 5676 2376 4666 4698 9423 8887
27 5876 3775 7380 6445 8701 9669 662 4562 2552 1309 1825 798 909 6996 210 7702 4610 3890 774 9530 4755 5039 8241 3451 3157 224 1766
25 9014 8205 3914 7120 2037 1095 3830 3912 1189 5480 331 9233 9359 5067 6807 444 3773 8064 9603 5571 1509 8272 2985 5970 8670
30 4904 2332 4006 1417 4053 2838 2738 7927 9939 1207 2808 3817 5600 1401 6282 1673 2113 5655 7826 5920 7168 2543 8557 4242 3996 8779 843 5870 5562 6164
26 9764 8078 5675 5632 1462 1390 5218 8001 2039 1683 933 8284 2316 3132 3963 9830 2951 5495 272 9749 3673 7074 4688 7731 7772 7063
32 7642 5097 9695 7724 8890 375 4181 397 7361 720 2337 2071 7661 7824 3453 1585 8755 1358 8498 3125 7684 8612 1202 9399 312 814 5728 8893 3092 2556 845 7996
28 2772 7643 6001 3972 2304 3733 5348 5850 5369 1693 2595 7766 9035 7740 8348 1887 8587 508 329 1455 5932 7551 8485 3308 5950 3120 7947 9604
26 1813 8152 5134 6504 6304 1854 5739 8251 6215 7135 8122 7863 1097 2666 8341 5943 9624 4842 1065 7204 2545 6366 8792 6542 2561 2895
24 6897 6475 4910 5224 979 7240 8603 9562 8437 5874 2615 9252 4312 7353 1502 6336 7366 7085 8716 1841 7463 2119 3529 7207
34 5254 5147 2265 3630 4279 2430 4817 5901 6393 9885 4201 4136 865 6399 8490 2283 2757 3343 8702 7999 3428 657 6831 8785 7302 9550 3219 9637 6901 2105 730 9296 283 8392
27 7186 1491 563 7397 2144 4030 4472 7483 1306 9634 7522 8877 1749 8855 9902 6698 8148 8866 8138 3445 7269 5792 7303 2360 8018 2143 7471
27 2550 7720 1415 3598 2971 3757 8727 513 4117 2624 7462 2009 4921 3834 4294 3888 6530 6649 875 1355 3032 6116 1277 517 516 1150 3876
30 4397 3501 2906 8575 2352 4722 851 3934 8700 9317 1360 3989 6697 6878 4829 7276 5820 7656 4934 8171 179 9541 5494 6281 6053 2779 5845 6680 7885 233
26 2996 5077 1691 9095 3707 6299 9990 2280 4021 5451 2944 9222 2225 5027 1632 6678 7874 9245 6957 4850 8393 3311 3931 3381 6843 3580
29 7855 7979 5263 4784 1465 598 6500 1440 841 8274 8499 5811 1085 1467 1894 2821 3432 3007 3967 7627 7 4920 6840 6801 2197 5380 7089 7294 6216
27 2713 8399 3867 8530 9263 8368 4116 9425 620 4720 9228 7919 7171 4549 4534 348 5626 7391 2575 4848 8045 8729 262 2572 7008 5473 3399
30 4967 2803 7922 3612 6125 5860 5759 6538 9495 9153 7466 8350 3981 382 6439 2714 8414 7248 5617 3732 3566 7504 6568 5785 8433 7354 7858 3406 8236 5044
27 3491 523 2583 2570 4084 2258 5296 5502 8213 4520 1003 5063 6892 6453 418 1195 8291 3263 5656 2831 5358 4733 2819 4297 7921 9802 4131
31 5955 5740 4996 9621 8906 515 6859 7278 9006 8577 2760 7009 8476 1498 7126 8210 3184 3718 5111 7420 9357 1703 3990 826 5305 892 9947 451 9505 5204 6014
28 2414 2648 7694 9130 6844 9241 4282 5748 9437 4638 7761 4892 7104 7831 512 7778 9674 6689 4991 7314 9432 5576 1500 485 6532 5489 5551 6121
26 286 1060 8356 9627 2710 4454 550 3280 1867 8604 3147 5048 5220 157 1352 2006 8082 5980 4770 4563 1857 8736 1385 936 7194 6371
26 625 5564 6664 8699 3696 2840 5167 4589 7784 7925 7785 529 8371 4943 635 762 3535 3916 5663 1078 2336 3661 253 7968 4586 8805
29 3492 8870 3027 850 3845 3186 2873 7406 4205 6015 3320 5530 2260 2826 863 5646 2110 4453 9088 8212 3864 7197 2991 9112 3045 3030 7839 4235 7364
29 9890 8995 4392 3339 3099 9219 784 653 3151 4465 4527 4095 4990 7336 6989 986 7586 3692 1088 7040 6285 3789 9009 1912 754 251 8024 2215 9958
30 7179 7613 702 3763 304 4677 2279 1521 2238 1602 7472 3850 7059 1948 2842 6742 4033 6962 6528 7570 9000 1910 1110 2383 1937 4811 2881 8941 2296 8194
24 9740 7529 4034 3836 7467 2470 6615 1218 9526 2825 8939 1744 4277 8901 8757 5463 7964 8357 9301 1254 3547 3083 966 8395
26 8653 5377 7331 5713 1822 4069 9172 4885 6666 413 741 9043 8338 1927 9553 840 8869 6526 3223 5140 4061 8953 4682 6626 6271 7936
30 9861 1577 9136 3659 432 5797 740 1282 2322 6675 6364 1233 4565 1303 430 7199 5072 1221 3376 2321 6682 3751 7034 1331 1017 3098 2953 4552 6480 7456
30 2378 7245 5528 9104 4455 7286 8609 3741 541 9531 5035 5169 8296 1483 4761 7184 3886 9405 8491 9294 7193 8427 7342 7717 7156 2306 5774 946 6898 2423
27 9328 1938 3765 460 6421 2053 8831 7675 9149 5189 3058 6893 4425 3801 245 6384 4162 2453 6247 3966 4569 296 9524 509 5844 491 2494
28 7256 7494 8080 6983 5574 3722 4393 3037 8477 3262 5601 1695 6145 3446 6743 6471 4043 1073 1940 3809 9479 6239 5665 7770 9001 2796 7608 4962
29 5500 1764 910 3524 1923 745 6727 3777 1837 8931 7560 9072 115 1885 8601 6930 8758 3329 5444 1201 8021 6109 3995 5173 3289 7837 2532 8180 4361
27 1942 7918 2005 3582 6766 1412 9302 1657 4900 5749 7935 1796 6601 6228 7700 7881 5957 595 9230 5544 3977 8576 8846 4337 4680 8619 1397
30 654 534 4091 3306 7728 1165 9477 9183 3625 1996 4158 790 868 4376 782 2967 5259 131 1598 398 2022 6165 2190 4624 1153 8058 8146 7729 5285 8629
29 570 6425 8503 7323 1588 1133 1994 9880 2233 5090 3487 59 3835 9780 6010 4161 5477 645 3056 864 4154 767 3538 9722 8648 344 7930 2620 7722
25 8669 5354 9743 8026 7575 3703 9648 1735 6344 7046 546 1389 1321 5006 4157 2945 9922 7547 4133 2588 4042 6921 4592 4635 4576
26 3123 4922 5984 8875 2815 208 3203 190 5012 3506 3131 6114 1249 5924 1950 5043 5891 7041 4439 4463 6086 1943 1255 8819 2249 6207
28 4077 1746 8733 2701 9055 9725 4694 4413 1861 3975 8278 1774 8688 4207 9066 4836 9626 7023 6314 1624 1658 1112 464 6667 9094 8062 3769 5561
28 2146 1831 7335 8339 7721 2531 7316 789 615 4544 4835 7242 213 7701 8867 6124 912 8947 2035 8521 9167 5776 5629 1975 3148 8228 2493 8009
27 2091 5503 5613 5668 5940 6681 238 9565 8349 7745 2835 4785 2878 3508 2845 3034 9077 2684 8525 7913 5558 9205 3527 9347 340 8479 3818
26 9211 3911 5534 3851 8442 9394 2247 5637 576 6708 4732 8989 7298 8732 5539 302 8984 6394 6243 7469 752 5538 4580 6029 8683 1993
28 2698 8781 6237 6410 6779 7866 9362 9436 1431 9728 3543 6510 5962 559 1057 8519 6512 8271 763 4007 1501 4267 2559 9934 4961 3956 7718 2338
25 7297 7309 1267 6211 1804 8793 6233 7037 7330 4147 8390 9177 9609 758 6204 1403 66 6064 8361 269 8647 3943 6798 8583 3107
31 6319 5113 1779 462 489 2744 261 5802 2955 7284 5603 3982 5691 4420 1661 3409 5775 9717 478 4911 2112 8059 8405 4342 4038 7746 9705 166 7861 796 711
30 1512 3302 1014 3992 2358 8111 1821 6764 9338 5070 2867 2188 5000 9651 2984 1052 2130 5013 4609 4372 8563 5164 8342 6848 7052 8559 7726 6149 9827 4659
31 6812 3425 78 5334 3694 4123 4144 6341 2129 6446 5439 420 4864 822 7213 1402 6063 1070 2695 3419 7624 8817 4445 5589 2405 9572 4411 12 4352 6390 3748
28 1925 862 5245 1139 130 4607 6819 338 8924 6359 4931 5862 2547 4002 1929 5504 9757 8837 4868 6685 6107 9305 2285 2095 2834 3734 5042 3080
24 1048 7793 1377 7867 2519 5796 5171 3780 2083 4657 2040 1091 2032 1918 1336 1400 1569 9142 8065 88 5615 2088 9349 9481
25 1125 6640 8143 5349 309 2439 2135 2917 8912 6171 4684 2408 2686 1451 6726 2792 599 5362 8822 9468 5719 8247 8011 4956 1921
28 207 8177 6687 2205 4909 6699 9817 2912 422 2435 1310 7305 3490 3303 7237 585 4167 8773 8396 5205 2750 9333 6702 3727 9244 950 3285 6787
31 2517 3656 3064 7742 3036 2622 8933 3100 8993 597 7875 7108 8824 907 4045 6846 8972 5479 6400 8331 9944 5616 1159 9369 8852 8515 2478 1015 3474 277 1289
27 666 5941 8949 4587 5682 6049 530 4289 9368 8215 5291 5118 6908 6174 6072 4125 8095 100 7550 5339 3397 4999 9557 6431 3207 5029 3810
32 5939 5262 5241 9732 8565 6073 6731 7878 5433 8005 8876 8689 1256 5018 4591 855 1856 9292 2949 2593 9796 3776 7160 1850 5992 808 9025 20 9064 5559 6235 2155
27 8545 9037 6092 5520 215 1542 7489 5301 5508 7651 3794 2852 3003 3672 7155 6877 4404 454 847 6964 8853 1129 3214 2345 6266 1367 519
28 9360 1330 3295 2664 5117 402 8848 4003 7670 2513 5661 8337 6836 965 1866 6048 5154 5927 3282 483 9259 1018 3577 7019 9978 3274 6842 537
